{"/Users/alocke/Desktop/blix/helpers.js": {"path":"/Users/alocke/Desktop/blix/helpers.js","statementMap":{"0":{"start":{"line":1,"column":11},"end":{"line":1,"column":24}},"1":{"start":{"line":2,"column":17},"end":{"line":2,"column":50}},"2":{"start":{"line":3,"column":12},"end":{"line":3,"column":23}},"3":{"start":{"line":4,"column":14},"end":{"line":4,"column":30}},"4":{"start":{"line":5,"column":14},"end":{"line":5,"column":36}},"5":{"start":{"line":6,"column":17},"end":{"line":6,"column":36}},"6":{"start":{"line":7,"column":17},"end":{"line":7,"column":32}},"7":{"start":{"line":8,"column":23},"end":{"line":8,"column":47}},"8":{"start":{"line":10,"column":0},"end":{"line":24,"column":2}},"9":{"start":{"line":11,"column":2},"end":{"line":17,"column":3}},"10":{"start":{"line":12,"column":4},"end":{"line":12,"column":24}},"11":{"start":{"line":13,"column":4},"end":{"line":13,"column":15}},"12":{"start":{"line":14,"column":9},"end":{"line":17,"column":3}},"13":{"start":{"line":15,"column":4},"end":{"line":15,"column":25}},"14":{"start":{"line":16,"column":4},"end":{"line":16,"column":16}},"15":{"start":{"line":18,"column":2},"end":{"line":23,"column":3}},"16":{"start":{"line":19,"column":4},"end":{"line":19,"column":55}},"17":{"start":{"line":20,"column":4},"end":{"line":20,"column":16}},"18":{"start":{"line":22,"column":4},"end":{"line":22,"column":17}},"19":{"start":{"line":26,"column":13},"end":{"line":31,"column":1}},"20":{"start":{"line":27,"column":2},"end":{"line":30,"column":3}},"21":{"start":{"line":28,"column":21},"end":{"line":28,"column":47}},"22":{"start":{"line":29,"column":4},"end":{"line":29,"column":35}},"23":{"start":{"line":33,"column":0},"end":{"line":33,"column":19}},"24":{"start":{"line":35,"column":0},"end":{"line":52,"column":2}},"25":{"start":{"line":36,"column":2},"end":{"line":51,"column":3}},"26":{"start":{"line":37,"column":4},"end":{"line":37,"column":36}},"27":{"start":{"line":38,"column":4},"end":{"line":42,"column":5}},"28":{"start":{"line":39,"column":6},"end":{"line":39,"column":55}},"29":{"start":{"line":41,"column":6},"end":{"line":41,"column":66}},"30":{"start":{"line":43,"column":4},"end":{"line":43,"column":24}},"31":{"start":{"line":45,"column":4},"end":{"line":45,"column":24}},"32":{"start":{"line":46,"column":4},"end":{"line":50,"column":5}},"33":{"start":{"line":47,"column":6},"end":{"line":47,"column":24}},"34":{"start":{"line":49,"column":6},"end":{"line":49,"column":65}},"35":{"start":{"line":54,"column":0},"end":{"line":71,"column":2}},"36":{"start":{"line":55,"column":2},"end":{"line":70,"column":3}},"37":{"start":{"line":56,"column":4},"end":{"line":56,"column":36}},"38":{"start":{"line":57,"column":4},"end":{"line":61,"column":5}},"39":{"start":{"line":58,"column":6},"end":{"line":58,"column":61}},"40":{"start":{"line":60,"column":6},"end":{"line":60,"column":69}},"41":{"start":{"line":62,"column":4},"end":{"line":62,"column":24}},"42":{"start":{"line":64,"column":4},"end":{"line":64,"column":24}},"43":{"start":{"line":65,"column":4},"end":{"line":69,"column":5}},"44":{"start":{"line":66,"column":6},"end":{"line":66,"column":24}},"45":{"start":{"line":68,"column":6},"end":{"line":68,"column":65}},"46":{"start":{"line":73,"column":0},"end":{"line":88,"column":2}},"47":{"start":{"line":74,"column":13},"end":{"line":74,"column":23}},"48":{"start":{"line":75,"column":2},"end":{"line":87,"column":3}},"49":{"start":{"line":76,"column":4},"end":{"line":76,"column":30}},"50":{"start":{"line":77,"column":4},"end":{"line":81,"column":5}},"51":{"start":{"line":78,"column":6},"end":{"line":78,"column":60}},"52":{"start":{"line":80,"column":6},"end":{"line":80,"column":57}},"53":{"start":{"line":82,"column":4},"end":{"line":82,"column":52}},"54":{"start":{"line":83,"column":4},"end":{"line":83,"column":24}},"55":{"start":{"line":85,"column":4},"end":{"line":85,"column":136}},"56":{"start":{"line":86,"column":4},"end":{"line":86,"column":24}},"57":{"start":{"line":91,"column":0},"end":{"line":102,"column":2}},"58":{"start":{"line":92,"column":2},"end":{"line":101,"column":3}},"59":{"start":{"line":93,"column":17},"end":{"line":93,"column":48}},"60":{"start":{"line":94,"column":15},"end":{"line":94,"column":33}},"61":{"start":{"line":95,"column":4},"end":{"line":95,"column":35}},"62":{"start":{"line":96,"column":21},"end":{"line":96,"column":50}},"63":{"start":{"line":97,"column":4},"end":{"line":97,"column":49}},"64":{"start":{"line":98,"column":4},"end":{"line":98,"column":65}},"65":{"start":{"line":100,"column":4},"end":{"line":100,"column":64}},"66":{"start":{"line":104,"column":0},"end":{"line":115,"column":2}},"67":{"start":{"line":105,"column":13},"end":{"line":105,"column":23}},"68":{"start":{"line":106,"column":16},"end":{"line":106,"column":526}},"69":{"start":{"line":107,"column":2},"end":{"line":112,"column":3}},"70":{"start":{"line":108,"column":4},"end":{"line":108,"column":47}},"71":{"start":{"line":109,"column":4},"end":{"line":109,"column":53}},"72":{"start":{"line":111,"column":4},"end":{"line":111,"column":42}},"73":{"start":{"line":113,"column":2},"end":{"line":113,"column":23}},"74":{"start":{"line":114,"column":2},"end":{"line":114,"column":34}},"75":{"start":{"line":117,"column":0},"end":{"line":127,"column":2}},"76":{"start":{"line":118,"column":2},"end":{"line":126,"column":3}},"77":{"start":{"line":119,"column":17},"end":{"line":119,"column":62}},"78":{"start":{"line":120,"column":15},"end":{"line":120,"column":33}},"79":{"start":{"line":121,"column":4},"end":{"line":121,"column":35}},"80":{"start":{"line":122,"column":21},"end":{"line":122,"column":50}},"81":{"start":{"line":123,"column":4},"end":{"line":123,"column":65}},"82":{"start":{"line":125,"column":4},"end":{"line":125,"column":22}},"83":{"start":{"line":129,"column":0},"end":{"line":143,"column":1}},"84":{"start":{"line":130,"column":2},"end":{"line":142,"column":3}},"85":{"start":{"line":131,"column":4},"end":{"line":131,"column":75}},"86":{"start":{"line":132,"column":22},"end":{"line":132,"column":39}},"87":{"start":{"line":133,"column":4},"end":{"line":139,"column":5}},"88":{"start":{"line":134,"column":8},"end":{"line":134,"column":40}},"89":{"start":{"line":135,"column":8},"end":{"line":135,"column":76}},"90":{"start":{"line":137,"column":6},"end":{"line":137,"column":38}},"91":{"start":{"line":138,"column":6},"end":{"line":138,"column":73}},"92":{"start":{"line":141,"column":4},"end":{"line":141,"column":46}},"93":{"start":{"line":145,"column":0},"end":{"line":154,"column":1}},"94":{"start":{"line":146,"column":2},"end":{"line":153,"column":3}},"95":{"start":{"line":147,"column":4},"end":{"line":147,"column":81}},"96":{"start":{"line":148,"column":4},"end":{"line":148,"column":36}},"97":{"start":{"line":149,"column":4},"end":{"line":149,"column":28}},"98":{"start":{"line":150,"column":4},"end":{"line":150,"column":69}},"99":{"start":{"line":152,"column":4},"end":{"line":152,"column":61}},"100":{"start":{"line":156,"column":0},"end":{"line":165,"column":2}},"101":{"start":{"line":157,"column":2},"end":{"line":164,"column":3}},"102":{"start":{"line":158,"column":4},"end":{"line":158,"column":35}},"103":{"start":{"line":159,"column":4},"end":{"line":159,"column":30}},"104":{"start":{"line":160,"column":4},"end":{"line":160,"column":30}},"105":{"start":{"line":161,"column":4},"end":{"line":161,"column":58}},"106":{"start":{"line":163,"column":4},"end":{"line":163,"column":50}},"107":{"start":{"line":175,"column":0},"end":{"line":186,"column":1}},"108":{"start":{"line":176,"column":2},"end":{"line":176,"column":36}},"109":{"start":{"line":177,"column":2},"end":{"line":185,"column":3}},"110":{"start":{"line":178,"column":4},"end":{"line":182,"column":5}},"111":{"start":{"line":179,"column":6},"end":{"line":179,"column":60}},"112":{"start":{"line":181,"column":6},"end":{"line":181,"column":70}},"113":{"start":{"line":184,"column":4},"end":{"line":184,"column":61}},"114":{"start":{"line":190,"column":0},"end":{"line":201,"column":1}},"115":{"start":{"line":191,"column":2},"end":{"line":191,"column":36}},"116":{"start":{"line":192,"column":2},"end":{"line":200,"column":3}},"117":{"start":{"line":193,"column":4},"end":{"line":197,"column":5}},"118":{"start":{"line":194,"column":6},"end":{"line":194,"column":66}},"119":{"start":{"line":196,"column":6},"end":{"line":196,"column":74}},"120":{"start":{"line":199,"column":4},"end":{"line":199,"column":61}},"121":{"start":{"line":205,"column":0},"end":{"line":212,"column":1}},"122":{"start":{"line":206,"column":2},"end":{"line":211,"column":3}},"123":{"start":{"line":207,"column":4},"end":{"line":207,"column":29}},"124":{"start":{"line":208,"column":4},"end":{"line":208,"column":39}},"125":{"start":{"line":209,"column":9},"end":{"line":211,"column":3}},"126":{"start":{"line":210,"column":4},"end":{"line":210,"column":39}},"127":{"start":{"line":214,"column":0},"end":{"line":219,"column":1}},"128":{"start":{"line":215,"column":13},"end":{"line":215,"column":26}},"129":{"start":{"line":216,"column":2},"end":{"line":216,"column":24}},"130":{"start":{"line":217,"column":2},"end":{"line":217,"column":19}},"131":{"start":{"line":218,"column":2},"end":{"line":218,"column":13}},"132":{"start":{"line":221,"column":0},"end":{"line":231,"column":1}},"133":{"start":{"line":222,"column":16},"end":{"line":222,"column":525}},"134":{"start":{"line":223,"column":2},"end":{"line":228,"column":3}},"135":{"start":{"line":224,"column":4},"end":{"line":224,"column":39}},"136":{"start":{"line":225,"column":4},"end":{"line":225,"column":45}},"137":{"start":{"line":227,"column":4},"end":{"line":227,"column":42}},"138":{"start":{"line":229,"column":2},"end":{"line":229,"column":22}},"139":{"start":{"line":230,"column":2},"end":{"line":230,"column":33}},"140":{"start":{"line":233,"column":0},"end":{"line":241,"column":1}},"141":{"start":{"line":234,"column":2},"end":{"line":240,"column":3}},"142":{"start":{"line":235,"column":4},"end":{"line":235,"column":43}},"143":{"start":{"line":236,"column":4},"end":{"line":236,"column":24}},"144":{"start":{"line":237,"column":4},"end":{"line":237,"column":37}},"145":{"start":{"line":239,"column":4},"end":{"line":239,"column":85}},"146":{"start":{"line":243,"column":0},"end":{"line":251,"column":1}},"147":{"start":{"line":244,"column":2},"end":{"line":250,"column":3}},"148":{"start":{"line":245,"column":17},"end":{"line":245,"column":50}},"149":{"start":{"line":246,"column":22},"end":{"line":246,"column":40}},"150":{"start":{"line":247,"column":4},"end":{"line":247,"column":47}},"151":{"start":{"line":249,"column":4},"end":{"line":249,"column":16}},"152":{"start":{"line":253,"column":0},"end":{"line":271,"column":1}},"153":{"start":{"line":254,"column":2},"end":{"line":263,"column":4}},"154":{"start":{"line":255,"column":4},"end":{"line":257,"column":5}},"155":{"start":{"line":256,"column":6},"end":{"line":256,"column":12}},"156":{"start":{"line":258,"column":4},"end":{"line":262,"column":5}},"157":{"start":{"line":259,"column":6},"end":{"line":259,"column":69}},"158":{"start":{"line":261,"column":6},"end":{"line":261,"column":105}},"159":{"start":{"line":264,"column":2},"end":{"line":270,"column":3}},"160":{"start":{"line":265,"column":4},"end":{"line":265,"column":29}},"161":{"start":{"line":266,"column":4},"end":{"line":266,"column":38}},"162":{"start":{"line":267,"column":4},"end":{"line":267,"column":51}},"163":{"start":{"line":269,"column":4},"end":{"line":269,"column":83}},"164":{"start":{"line":273,"column":0},"end":{"line":279,"column":1}},"165":{"start":{"line":274,"column":2},"end":{"line":278,"column":3}},"166":{"start":{"line":275,"column":4},"end":{"line":275,"column":29}},"167":{"start":{"line":277,"column":4},"end":{"line":277,"column":36}},"168":{"start":{"line":281,"column":0},"end":{"line":287,"column":1}},"169":{"start":{"line":282,"column":2},"end":{"line":286,"column":3}},"170":{"start":{"line":283,"column":4},"end":{"line":283,"column":32}},"171":{"start":{"line":285,"column":4},"end":{"line":285,"column":39}},"172":{"start":{"line":289,"column":0},"end":{"line":298,"column":1}},"173":{"start":{"line":290,"column":2},"end":{"line":292,"column":3}},"174":{"start":{"line":291,"column":4},"end":{"line":291,"column":48}},"175":{"start":{"line":294,"column":2},"end":{"line":296,"column":3}},"176":{"start":{"line":295,"column":4},"end":{"line":295,"column":54}},"177":{"start":{"line":301,"column":0},"end":{"line":309,"column":1}},"178":{"start":{"line":302,"column":2},"end":{"line":304,"column":3}},"179":{"start":{"line":303,"column":4},"end":{"line":303,"column":65}},"180":{"start":{"line":306,"column":2},"end":{"line":308,"column":3}},"181":{"start":{"line":307,"column":4},"end":{"line":307,"column":71}},"182":{"start":{"line":311,"column":15},"end":{"line":338,"column":1}},"183":{"start":{"line":312,"column":19},"end":{"line":312,"column":110}},"184":{"start":{"line":314,"column":2},"end":{"line":337,"column":3}},"185":{"start":{"line":315,"column":15},"end":{"line":315,"column":79}},"186":{"start":{"line":316,"column":4},"end":{"line":328,"column":5}},"187":{"start":{"line":317,"column":6},"end":{"line":317,"column":31}},"188":{"start":{"line":318,"column":30},"end":{"line":318,"column":50}},"189":{"start":{"line":319,"column":6},"end":{"line":319,"column":58}},"190":{"start":{"line":321,"column":11},"end":{"line":328,"column":5}},"191":{"start":{"line":322,"column":24},"end":{"line":322,"column":52}},"192":{"start":{"line":323,"column":6},"end":{"line":327,"column":7}},"193":{"start":{"line":324,"column":8},"end":{"line":324,"column":40}},"194":{"start":{"line":326,"column":8},"end":{"line":326,"column":40}},"195":{"start":{"line":330,"column":4},"end":{"line":330,"column":48}},"196":{"start":{"line":331,"column":4},"end":{"line":331,"column":26}},"197":{"start":{"line":332,"column":4},"end":{"line":332,"column":44}},"198":{"start":{"line":333,"column":4},"end":{"line":333,"column":48}},"199":{"start":{"line":334,"column":4},"end":{"line":334,"column":49}},"200":{"start":{"line":336,"column":4},"end":{"line":336,"column":140}},"201":{"start":{"line":340,"column":0},"end":{"line":340,"column":23}},"202":{"start":{"line":344,"column":33},"end":{"line":350,"column":1}},"203":{"start":{"line":345,"column":2},"end":{"line":349,"column":3}},"204":{"start":{"line":346,"column":4},"end":{"line":346,"column":71}},"205":{"start":{"line":347,"column":4},"end":{"line":347,"column":66}},"206":{"start":{"line":348,"column":4},"end":{"line":348,"column":10}}},"fnMap":{"0":{"name":"(anonymous_0)","decl":{"start":{"line":10,"column":21},"end":{"line":10,"column":22}},"loc":{"start":{"line":10,"column":27},"end":{"line":24,"column":1}},"line":10},"1":{"name":"(anonymous_1)","decl":{"start":{"line":26,"column":13},"end":{"line":26,"column":14}},"loc":{"start":{"line":26,"column":25},"end":{"line":31,"column":1}},"line":26},"2":{"name":"(anonymous_2)","decl":{"start":{"line":35,"column":30},"end":{"line":35,"column":31}},"loc":{"start":{"line":35,"column":42},"end":{"line":52,"column":1}},"line":35},"3":{"name":"(anonymous_3)","decl":{"start":{"line":54,"column":33},"end":{"line":54,"column":34}},"loc":{"start":{"line":54,"column":45},"end":{"line":71,"column":1}},"line":54},"4":{"name":"(anonymous_4)","decl":{"start":{"line":73,"column":28},"end":{"line":73,"column":29}},"loc":{"start":{"line":73,"column":34},"end":{"line":88,"column":1}},"line":73},"5":{"name":"(anonymous_5)","decl":{"start":{"line":91,"column":20},"end":{"line":91,"column":21}},"loc":{"start":{"line":91,"column":41},"end":{"line":102,"column":1}},"line":91},"6":{"name":"(anonymous_6)","decl":{"start":{"line":104,"column":21},"end":{"line":104,"column":22}},"loc":{"start":{"line":104,"column":27},"end":{"line":115,"column":1}},"line":104},"7":{"name":"(anonymous_7)","decl":{"start":{"line":117,"column":36},"end":{"line":117,"column":37}},"loc":{"start":{"line":117,"column":57},"end":{"line":127,"column":1}},"line":117},"8":{"name":"(anonymous_8)","decl":{"start":{"line":129,"column":20},"end":{"line":129,"column":21}},"loc":{"start":{"line":129,"column":49},"end":{"line":143,"column":1}},"line":129},"9":{"name":"(anonymous_9)","decl":{"start":{"line":145,"column":20},"end":{"line":145,"column":21}},"loc":{"start":{"line":145,"column":45},"end":{"line":154,"column":1}},"line":145},"10":{"name":"(anonymous_10)","decl":{"start":{"line":156,"column":17},"end":{"line":156,"column":18}},"loc":{"start":{"line":156,"column":39},"end":{"line":165,"column":1}},"line":156},"11":{"name":"(anonymous_11)","decl":{"start":{"line":175,"column":47},"end":{"line":175,"column":48}},"loc":{"start":{"line":175,"column":59},"end":{"line":186,"column":1}},"line":175},"12":{"name":"(anonymous_12)","decl":{"start":{"line":190,"column":50},"end":{"line":190,"column":51}},"loc":{"start":{"line":190,"column":62},"end":{"line":201,"column":1}},"line":190},"13":{"name":"(anonymous_13)","decl":{"start":{"line":205,"column":34},"end":{"line":205,"column":35}},"loc":{"start":{"line":205,"column":40},"end":{"line":212,"column":1}},"line":205},"14":{"name":"(anonymous_14)","decl":{"start":{"line":214,"column":21},"end":{"line":214,"column":22}},"loc":{"start":{"line":214,"column":27},"end":{"line":219,"column":1}},"line":214},"15":{"name":"(anonymous_15)","decl":{"start":{"line":221,"column":36},"end":{"line":221,"column":37}},"loc":{"start":{"line":221,"column":45},"end":{"line":231,"column":1}},"line":221},"16":{"name":"(anonymous_16)","decl":{"start":{"line":233,"column":21},"end":{"line":233,"column":22}},"loc":{"start":{"line":233,"column":47},"end":{"line":241,"column":1}},"line":233},"17":{"name":"(anonymous_17)","decl":{"start":{"line":243,"column":31},"end":{"line":243,"column":32}},"loc":{"start":{"line":243,"column":47},"end":{"line":251,"column":1}},"line":243},"18":{"name":"(anonymous_18)","decl":{"start":{"line":253,"column":28},"end":{"line":253,"column":29}},"loc":{"start":{"line":253,"column":58},"end":{"line":271,"column":1}},"line":253},"19":{"name":"(anonymous_19)","decl":{"start":{"line":254,"column":38},"end":{"line":254,"column":39}},"loc":{"start":{"line":254,"column":46},"end":{"line":263,"column":3}},"line":254},"20":{"name":"(anonymous_20)","decl":{"start":{"line":273,"column":33},"end":{"line":273,"column":34}},"loc":{"start":{"line":273,"column":41},"end":{"line":279,"column":1}},"line":273},"21":{"name":"(anonymous_21)","decl":{"start":{"line":281,"column":36},"end":{"line":281,"column":37}},"loc":{"start":{"line":281,"column":44},"end":{"line":287,"column":1}},"line":281},"22":{"name":"(anonymous_22)","decl":{"start":{"line":289,"column":29},"end":{"line":289,"column":30}},"loc":{"start":{"line":289,"column":35},"end":{"line":298,"column":1}},"line":289},"23":{"name":"(anonymous_23)","decl":{"start":{"line":301,"column":47},"end":{"line":301,"column":48}},"loc":{"start":{"line":301,"column":53},"end":{"line":309,"column":1}},"line":301},"24":{"name":"(anonymous_24)","decl":{"start":{"line":311,"column":15},"end":{"line":311,"column":16}},"loc":{"start":{"line":311,"column":73},"end":{"line":338,"column":1}},"line":311},"25":{"name":"(anonymous_25)","decl":{"start":{"line":344,"column":33},"end":{"line":344,"column":34}},"loc":{"start":{"line":344,"column":45},"end":{"line":350,"column":1}},"line":344}},"branchMap":{"0":{"loc":{"start":{"line":11,"column":2},"end":{"line":17,"column":3}},"type":"if","locations":[{"start":{"line":11,"column":2},"end":{"line":17,"column":3}},{"start":{"line":11,"column":2},"end":{"line":17,"column":3}}],"line":11},"1":{"loc":{"start":{"line":14,"column":9},"end":{"line":17,"column":3}},"type":"if","locations":[{"start":{"line":14,"column":9},"end":{"line":17,"column":3}},{"start":{"line":14,"column":9},"end":{"line":17,"column":3}}],"line":14},"2":{"loc":{"start":{"line":27,"column":2},"end":{"line":30,"column":3}},"type":"if","locations":[{"start":{"line":27,"column":2},"end":{"line":30,"column":3}},{"start":{"line":27,"column":2},"end":{"line":30,"column":3}}],"line":27},"3":{"loc":{"start":{"line":27,"column":6},"end":{"line":27,"column":47}},"type":"binary-expr","locations":[{"start":{"line":27,"column":6},"end":{"line":27,"column":23}},{"start":{"line":27,"column":27},"end":{"line":27,"column":47}}],"line":27},"4":{"loc":{"start":{"line":38,"column":4},"end":{"line":42,"column":5}},"type":"if","locations":[{"start":{"line":38,"column":4},"end":{"line":42,"column":5}},{"start":{"line":38,"column":4},"end":{"line":42,"column":5}}],"line":38},"5":{"loc":{"start":{"line":46,"column":4},"end":{"line":50,"column":5}},"type":"if","locations":[{"start":{"line":46,"column":4},"end":{"line":50,"column":5}},{"start":{"line":46,"column":4},"end":{"line":50,"column":5}}],"line":46},"6":{"loc":{"start":{"line":57,"column":4},"end":{"line":61,"column":5}},"type":"if","locations":[{"start":{"line":57,"column":4},"end":{"line":61,"column":5}},{"start":{"line":57,"column":4},"end":{"line":61,"column":5}}],"line":57},"7":{"loc":{"start":{"line":65,"column":4},"end":{"line":69,"column":5}},"type":"if","locations":[{"start":{"line":65,"column":4},"end":{"line":69,"column":5}},{"start":{"line":65,"column":4},"end":{"line":69,"column":5}}],"line":65},"8":{"loc":{"start":{"line":77,"column":4},"end":{"line":81,"column":5}},"type":"if","locations":[{"start":{"line":77,"column":4},"end":{"line":81,"column":5}},{"start":{"line":77,"column":4},"end":{"line":81,"column":5}}],"line":77},"9":{"loc":{"start":{"line":107,"column":2},"end":{"line":112,"column":3}},"type":"if","locations":[{"start":{"line":107,"column":2},"end":{"line":112,"column":3}},{"start":{"line":107,"column":2},"end":{"line":112,"column":3}}],"line":107},"10":{"loc":{"start":{"line":131,"column":15},"end":{"line":131,"column":75}},"type":"cond-expr","locations":[{"start":{"line":131,"column":28},"end":{"line":131,"column":57}},{"start":{"line":131,"column":60},"end":{"line":131,"column":75}}],"line":131},"11":{"loc":{"start":{"line":133,"column":4},"end":{"line":139,"column":5}},"type":"if","locations":[{"start":{"line":133,"column":4},"end":{"line":139,"column":5}},{"start":{"line":133,"column":4},"end":{"line":139,"column":5}}],"line":133},"12":{"loc":{"start":{"line":135,"column":8},"end":{"line":135,"column":75}},"type":"cond-expr","locations":[{"start":{"line":135,"column":18},"end":{"line":135,"column":30}},{"start":{"line":135,"column":33},"end":{"line":135,"column":75}}],"line":135},"13":{"loc":{"start":{"line":138,"column":6},"end":{"line":138,"column":72}},"type":"cond-expr","locations":[{"start":{"line":138,"column":16},"end":{"line":138,"column":28}},{"start":{"line":138,"column":31},"end":{"line":138,"column":72}}],"line":138},"14":{"loc":{"start":{"line":147,"column":17},"end":{"line":147,"column":81}},"type":"cond-expr","locations":[{"start":{"line":147,"column":30},"end":{"line":147,"column":61}},{"start":{"line":147,"column":64},"end":{"line":147,"column":81}}],"line":147},"15":{"loc":{"start":{"line":150,"column":4},"end":{"line":150,"column":69}},"type":"cond-expr","locations":[{"start":{"line":150,"column":14},"end":{"line":150,"column":26}},{"start":{"line":150,"column":29},"end":{"line":150,"column":69}}],"line":150},"16":{"loc":{"start":{"line":163,"column":4},"end":{"line":163,"column":50}},"type":"cond-expr","locations":[{"start":{"line":163,"column":34},"end":{"line":163,"column":42}},{"start":{"line":163,"column":45},"end":{"line":163,"column":50}}],"line":163},"17":{"loc":{"start":{"line":178,"column":4},"end":{"line":182,"column":5}},"type":"if","locations":[{"start":{"line":178,"column":4},"end":{"line":182,"column":5}},{"start":{"line":178,"column":4},"end":{"line":182,"column":5}}],"line":178},"18":{"loc":{"start":{"line":184,"column":4},"end":{"line":184,"column":61}},"type":"cond-expr","locations":[{"start":{"line":184,"column":34},"end":{"line":184,"column":56}},{"start":{"line":184,"column":59},"end":{"line":184,"column":61}}],"line":184},"19":{"loc":{"start":{"line":193,"column":4},"end":{"line":197,"column":5}},"type":"if","locations":[{"start":{"line":193,"column":4},"end":{"line":197,"column":5}},{"start":{"line":193,"column":4},"end":{"line":197,"column":5}}],"line":193},"20":{"loc":{"start":{"line":199,"column":4},"end":{"line":199,"column":61}},"type":"cond-expr","locations":[{"start":{"line":199,"column":34},"end":{"line":199,"column":56}},{"start":{"line":199,"column":59},"end":{"line":199,"column":61}}],"line":199},"21":{"loc":{"start":{"line":206,"column":2},"end":{"line":211,"column":3}},"type":"if","locations":[{"start":{"line":206,"column":2},"end":{"line":211,"column":3}},{"start":{"line":206,"column":2},"end":{"line":211,"column":3}}],"line":206},"22":{"loc":{"start":{"line":209,"column":9},"end":{"line":211,"column":3}},"type":"if","locations":[{"start":{"line":209,"column":9},"end":{"line":211,"column":3}},{"start":{"line":209,"column":9},"end":{"line":211,"column":3}}],"line":209},"23":{"loc":{"start":{"line":223,"column":2},"end":{"line":228,"column":3}},"type":"if","locations":[{"start":{"line":223,"column":2},"end":{"line":228,"column":3}},{"start":{"line":223,"column":2},"end":{"line":228,"column":3}}],"line":223},"24":{"loc":{"start":{"line":239,"column":4},"end":{"line":239,"column":85}},"type":"cond-expr","locations":[{"start":{"line":239,"column":34},"end":{"line":239,"column":42}},{"start":{"line":239,"column":45},"end":{"line":239,"column":85}}],"line":239},"25":{"loc":{"start":{"line":255,"column":4},"end":{"line":257,"column":5}},"type":"if","locations":[{"start":{"line":255,"column":4},"end":{"line":257,"column":5}},{"start":{"line":255,"column":4},"end":{"line":257,"column":5}}],"line":255},"26":{"loc":{"start":{"line":255,"column":8},"end":{"line":255,"column":94}},"type":"binary-expr","locations":[{"start":{"line":255,"column":8},"end":{"line":255,"column":26}},{"start":{"line":255,"column":30},"end":{"line":255,"column":51}},{"start":{"line":255,"column":55},"end":{"line":255,"column":71}},{"start":{"line":255,"column":75},"end":{"line":255,"column":94}}],"line":255},"27":{"loc":{"start":{"line":269,"column":4},"end":{"line":269,"column":83}},"type":"cond-expr","locations":[{"start":{"line":269,"column":34},"end":{"line":269,"column":42}},{"start":{"line":269,"column":45},"end":{"line":269,"column":83}}],"line":269},"28":{"loc":{"start":{"line":274,"column":2},"end":{"line":278,"column":3}},"type":"if","locations":[{"start":{"line":274,"column":2},"end":{"line":278,"column":3}},{"start":{"line":274,"column":2},"end":{"line":278,"column":3}}],"line":274},"29":{"loc":{"start":{"line":282,"column":2},"end":{"line":286,"column":3}},"type":"if","locations":[{"start":{"line":282,"column":2},"end":{"line":286,"column":3}},{"start":{"line":282,"column":2},"end":{"line":286,"column":3}}],"line":282},"30":{"loc":{"start":{"line":290,"column":2},"end":{"line":292,"column":3}},"type":"if","locations":[{"start":{"line":290,"column":2},"end":{"line":292,"column":3}},{"start":{"line":290,"column":2},"end":{"line":292,"column":3}}],"line":290},"31":{"loc":{"start":{"line":294,"column":2},"end":{"line":296,"column":3}},"type":"if","locations":[{"start":{"line":294,"column":2},"end":{"line":296,"column":3}},{"start":{"line":294,"column":2},"end":{"line":296,"column":3}}],"line":294},"32":{"loc":{"start":{"line":302,"column":2},"end":{"line":304,"column":3}},"type":"if","locations":[{"start":{"line":302,"column":2},"end":{"line":304,"column":3}},{"start":{"line":302,"column":2},"end":{"line":304,"column":3}}],"line":302},"33":{"loc":{"start":{"line":306,"column":2},"end":{"line":308,"column":3}},"type":"if","locations":[{"start":{"line":306,"column":2},"end":{"line":308,"column":3}},{"start":{"line":306,"column":2},"end":{"line":308,"column":3}}],"line":306},"34":{"loc":{"start":{"line":316,"column":4},"end":{"line":328,"column":5}},"type":"if","locations":[{"start":{"line":316,"column":4},"end":{"line":328,"column":5}},{"start":{"line":316,"column":4},"end":{"line":328,"column":5}}],"line":316},"35":{"loc":{"start":{"line":321,"column":11},"end":{"line":328,"column":5}},"type":"if","locations":[{"start":{"line":321,"column":11},"end":{"line":328,"column":5}},{"start":{"line":321,"column":11},"end":{"line":328,"column":5}}],"line":321},"36":{"loc":{"start":{"line":323,"column":6},"end":{"line":327,"column":7}},"type":"if","locations":[{"start":{"line":323,"column":6},"end":{"line":327,"column":7}},{"start":{"line":323,"column":6},"end":{"line":327,"column":7}}],"line":323},"37":{"loc":{"start":{"line":336,"column":4},"end":{"line":336,"column":140}},"type":"cond-expr","locations":[{"start":{"line":336,"column":34},"end":{"line":336,"column":71}},{"start":{"line":336,"column":74},"end":{"line":336,"column":140}}],"line":336},"38":{"loc":{"start":{"line":345,"column":2},"end":{"line":349,"column":3}},"type":"if","locations":[{"start":{"line":345,"column":2},"end":{"line":349,"column":3}},{"start":{"line":345,"column":2},"end":{"line":349,"column":3}}],"line":345}},"s":{"0":3,"1":3,"2":3,"3":3,"4":3,"5":3,"6":3,"7":3,"8":3,"9":3,"10":1,"11":1,"12":2,"13":1,"14":1,"15":1,"16":1,"17":1,"18":0,"19":3,"20":0,"21":0,"22":0,"23":3,"24":3,"25":0,"26":0,"27":0,"28":0,"29":0,"30":0,"31":0,"32":0,"33":0,"34":0,"35":3,"36":0,"37":0,"38":0,"39":0,"40":0,"41":0,"42":0,"43":0,"44":0,"45":0,"46":3,"47":0,"48":0,"49":0,"50":0,"51":0,"52":0,"53":0,"54":0,"55":0,"56":0,"57":3,"58":0,"59":0,"60":0,"61":0,"62":0,"63":0,"64":0,"65":0,"66":3,"67":0,"68":0,"69":0,"70":0,"71":0,"72":0,"73":0,"74":0,"75":3,"76":1,"77":1,"78":1,"79":1,"80":1,"81":1,"82":0,"83":3,"84":9,"85":9,"86":9,"87":9,"88":0,"89":0,"90":9,"91":9,"92":0,"93":3,"94":7,"95":7,"96":7,"97":7,"98":7,"99":0,"100":3,"101":0,"102":0,"103":0,"104":0,"105":0,"106":0,"107":3,"108":0,"109":0,"110":0,"111":0,"112":0,"113":0,"114":3,"115":0,"116":0,"117":0,"118":0,"119":0,"120":0,"121":3,"122":0,"123":0,"124":0,"125":0,"126":0,"127":3,"128":0,"129":0,"130":0,"131":0,"132":3,"133":0,"134":0,"135":0,"136":0,"137":0,"138":0,"139":0,"140":3,"141":2,"142":2,"143":2,"144":2,"145":0,"146":3,"147":0,"148":0,"149":0,"150":0,"151":0,"152":3,"153":0,"154":0,"155":0,"156":0,"157":0,"158":0,"159":0,"160":0,"161":0,"162":0,"163":0,"164":3,"165":2,"166":1,"167":1,"168":3,"169":0,"170":0,"171":0,"172":3,"173":0,"174":0,"175":0,"176":0,"177":3,"178":0,"179":0,"180":0,"181":0,"182":3,"183":2,"184":2,"185":2,"186":2,"187":0,"188":0,"189":0,"190":2,"191":0,"192":0,"193":0,"194":0,"195":2,"196":2,"197":2,"198":2,"199":2,"200":0,"201":3,"202":3,"203":0,"204":0,"205":0,"206":0},"f":{"0":3,"1":0,"2":0,"3":0,"4":0,"5":0,"6":0,"7":1,"8":9,"9":7,"10":0,"11":0,"12":0,"13":0,"14":0,"15":0,"16":2,"17":0,"18":0,"19":0,"20":2,"21":0,"22":0,"23":0,"24":2,"25":0},"b":{"0":[1,2],"1":[1,1],"2":[0,0],"3":[0,0],"4":[0,0],"5":[0,0],"6":[0,0],"7":[0,0],"8":[0,0],"9":[0,0],"10":[9,0],"11":[0,9],"12":[0,0],"13":[0,9],"14":[7,0],"15":[0,7],"16":[0,0],"17":[0,0],"18":[0,0],"19":[0,0],"20":[0,0],"21":[0,0],"22":[0,0],"23":[0,0],"24":[0,0],"25":[0,0],"26":[0,0,0,0],"27":[0,0],"28":[1,1],"29":[0,0],"30":[0,0],"31":[0,0],"32":[0,0],"33":[0,0],"34":[0,2],"35":[0,2],"36":[0,0],"37":[0,0],"38":[0,0]},"_coverageSchema":"332fd63041d2c1bcb487cc26dd0d5f7d97098a6c","hash":"f0ae46da95ba43ed46e308ef12d3349c31bc1e85"}
,"/Users/alocke/Desktop/blix/index.js": {"path":"/Users/alocke/Desktop/blix/index.js","statementMap":{"0":{"start":{"line":4,"column":21},"end":{"line":4,"column":0}},"1":{"start":{"line":5,"column":6},"end":{"line":5,"column":24}},"2":{"start":{"line":6,"column":12},"end":{"line":6,"column":0}},"3":{"start":{"line":7,"column":6},"end":{"line":7,"column":25}},"4":{"start":{"line":8,"column":16},"end":{"line":8,"column":0}},"5":{"start":{"line":9,"column":14},"end":{"line":9,"column":22}},"6":{"start":{"line":10,"column":12},"end":{"line":10,"column":0}},"7":{"start":{"line":14,"column":4},"end":{"line":12,"column":0}},"8":{"start":{"line":16,"column":6},"end":{"line":null,"column":-1}},"9":{"start":{"line":17,"column":4},"end":{"line":17,"column":9}},"10":{"start":{"line":19,"column":6},"end":{"line":null,"column":-1}},"11":{"start":{"line":20,"column":4},"end":{"line":20,"column":9}},"12":{"start":{"line":22,"column":6},"end":{"line":null,"column":-1}},"13":{"start":{"line":23,"column":4},"end":{"line":23,"column":9}},"14":{"start":{"line":25,"column":6},"end":{"line":null,"column":-1}},"15":{"start":{"line":26,"column":4},"end":{"line":26,"column":9}},"16":{"start":{"line":28,"column":6},"end":{"line":null,"column":-1}},"17":{"start":{"line":29,"column":4},"end":{"line":29,"column":3}},"18":{"start":{"line":31,"column":6},"end":{"line":null,"column":-1}},"19":{"start":{"line":32,"column":4},"end":{"line":32,"column":9}},"20":{"start":{"line":34,"column":6},"end":{"line":null,"column":-1}},"21":{"start":{"line":35,"column":4},"end":{"line":35,"column":9}},"22":{"start":{"line":37,"column":6},"end":{"line":null,"column":-1}},"23":{"start":{"line":38,"column":4},"end":{"line":null,"column":-1}},"24":{"start":{"line":40,"column":6},"end":{"line":null,"column":-1}},"25":{"start":{"line":13,"column":2},"end":{"line":null,"column":-1}},"26":{"start":{"line":46,"column":1},"end":{"line":null,"column":-1}},"27":{"start":{"line":50,"column":12},"end":{"line":50,"column":2}},"28":{"start":{"line":48,"column":0},"end":{"line":null,"column":-1}},"29":{"start":{"line":55,"column":2},"end":{"line":null,"column":-1}},"30":{"start":{"line":56,"column":2},"end":{"line":56,"column":6}},"31":{"start":{"line":57,"column":2},"end":{"line":null,"column":-1}},"32":{"start":{"line":58,"column":2},"end":{"line":null,"column":-1}},"33":{"start":{"line":59,"column":2},"end":{"line":59,"column":6}},"34":{"start":{"line":60,"column":2},"end":{"line":60,"column":6}},"35":{"start":{"line":61,"column":2},"end":{"line":null,"column":-1}},"36":{"start":{"line":62,"column":2},"end":{"line":null,"column":-1}},"37":{"start":{"line":63,"column":2},"end":{"line":null,"column":-1}},"38":{"start":{"line":64,"column":2},"end":{"line":64,"column":6}},"39":{"start":{"line":53,"column":0},"end":{"line":null,"column":-1}},"40":{"start":{"line":68,"column":13},"end":{"line":68,"column":0}},"41":{"start":{"line":69,"column":12},"end":{"line":69,"column":0}},"42":{"start":{"line":79,"column":2},"end":{"line":null,"column":-1}},"43":{"start":{"line":80,"column":1},"end":{"line":null,"column":-1}}},"fnMap":{},"branchMap":{"0":{"loc":{"start":{"line":15,"column":6},"end":{"line":17,"column":9}},"type":"switch","locations":[{"start":{"line":15,"column":6},"end":{"line":17,"column":9}},{"start":{"line":18,"column":6},"end":{"line":20,"column":9}},{"start":{"line":21,"column":6},"end":{"line":23,"column":9}},{"start":{"line":24,"column":6},"end":{"line":26,"column":9}},{"start":{"line":27,"column":6},"end":{"line":29,"column":4}},{"start":{"line":30,"column":6},"end":{"line":32,"column":9}},{"start":{"line":33,"column":6},"end":{"line":35,"column":9}},{"start":{"line":36,"column":6},"end":{"line":38,"column":4}},{"start":{"line":39,"column":6},"end":{"line":13,"column":2}}]}},"s":{"0":0,"1":0,"2":0,"3":0,"4":0,"5":0,"6":0,"7":0,"8":0,"9":0,"10":0,"11":0,"12":0,"13":0,"14":0,"15":0,"16":0,"17":0,"18":0,"19":0,"20":0,"21":0,"22":0,"23":0,"24":0,"25":0,"26":0,"27":0,"28":0,"29":0,"30":0,"31":0,"32":0,"33":0,"34":0,"35":0,"36":0,"37":0,"38":0,"39":0,"40":0,"41":0,"42":0,"43":0},"f":{},"b":{"0":[0,0,0,0,0,0,0,0,0]}}
,"/Users/alocke/Desktop/blix/jest.config.js": {"path":"/Users/alocke/Desktop/blix/jest.config.js","statementMap":{"0":{"start":{"line":4,"column":0},"end":{"line":null,"column":-1}}},"fnMap":{},"branchMap":{},"s":{"0":0},"f":{},"b":{}}
,"/Users/alocke/Desktop/blix/add/add.js": {"path":"/Users/alocke/Desktop/blix/add/add.js","statementMap":{"0":{"start":{"line":1,"column":18},"end":{"line":1,"column":0}},"1":{"start":{"line":2,"column":26},"end":{"line":2,"column":0}},"2":{"start":{"line":3,"column":18},"end":{"line":3,"column":0}},"3":{"start":{"line":4,"column":18},"end":{"line":4,"column":0}},"4":{"start":{"line":5,"column":21},"end":{"line":5,"column":0}},"5":{"start":{"line":6,"column":18},"end":{"line":6,"column":0}},"6":{"start":{"line":7,"column":9},"end":{"line":7,"column":0}},"7":{"start":{"line":8,"column":12},"end":{"line":8,"column":0}},"8":{"start":{"line":9,"column":15},"end":{"line":9,"column":0}},"9":{"start":{"line":10,"column":15},"end":{"line":10,"column":0}},"10":{"start":{"line":12,"column":15},"end":{"line":12,"column":0}},"11":{"start":{"line":26,"column":10},"end":{"line":26,"column":0}},"12":{"start":{"line":27,"column":2},"end":{"line":30,"column":3}},"13":{"start":{"line":28,"column":4},"end":{"line":null,"column":-1}},"14":{"start":{"line":29,"column":4},"end":{"line":null,"column":-1}},"15":{"start":{"line":32,"column":2},"end":{"line":null,"column":-1}},"16":{"start":{"line":33,"column":2},"end":{"line":null,"column":-1}},"17":{"start":{"line":34,"column":4},"end":{"line":null,"column":-1}},"18":{"start":{"line":35,"column":4},"end":{"line":null,"column":-1}},"19":{"start":{"line":37,"column":8},"end":{"line":null,"column":-1}},"20":{"start":{"line":38,"column":8},"end":{"line":null,"column":-1}},"21":{"start":{"line":40,"column":8},"end":{"line":null,"column":-1}},"22":{"start":{"line":41,"column":8},"end":{"line":null,"column":-1}},"23":{"start":{"line":43,"column":8},"end":{"line":null,"column":-1}},"24":{"start":{"line":44,"column":8},"end":{"line":null,"column":-1}},"25":{"start":{"line":46,"column":8},"end":{"line":null,"column":-1}},"26":{"start":{"line":47,"column":8},"end":{"line":null,"column":-1}},"27":{"start":{"line":49,"column":8},"end":{"line":null,"column":-1}},"28":{"start":{"line":50,"column":8},"end":{"line":null,"column":-1}},"29":{"start":{"line":52,"column":8},"end":{"line":null,"column":-1}},"30":{"start":{"line":53,"column":8},"end":{"line":null,"column":-1}},"31":{"start":{"line":55,"column":8},"end":{"line":null,"column":-1}},"32":{"start":{"line":60,"column":0},"end":{"line":null,"column":-1}}},"fnMap":{"0":{"name":"(anonymous_0)","decl":{"start":{"line":26,"column":10},"end":{"line":26,"column":15}},"loc":{"start":{"line":26,"column":16},"end":{"line":26,"column":0}}},"1":{"name":"(anonymous_1)","decl":{"start":{"line":33,"column":26},"end":{"line":33,"column":32}},"loc":{"start":{"line":33,"column":33},"end":{"line":33,"column":2}}}},"branchMap":{"0":{"loc":{"start":{"line":27,"column":2},"end":{"line":30,"column":3}},"type":"if","locations":[{"start":{"line":27,"column":2},"end":{"line":30,"column":3}},{"start":{"line":27,"column":2},"end":{"line":30,"column":3}}]},"1":{"loc":{"start":{"line":36,"column":6},"end":{"line":38,"column":8}},"type":"switch","locations":[{"start":{"line":36,"column":6},"end":{"line":38,"column":8}},{"start":{"line":39,"column":6},"end":{"line":41,"column":8}},{"start":{"line":42,"column":6},"end":{"line":44,"column":8}},{"start":{"line":45,"column":6},"end":{"line":47,"column":8}},{"start":{"line":48,"column":6},"end":{"line":50,"column":8}},{"start":{"line":51,"column":6},"end":{"line":53,"column":8}},{"start":{"line":54,"column":6},"end":{"line":55,"column":8}}]}},"s":{"0":0,"1":0,"2":0,"3":0,"4":0,"5":0,"6":0,"7":0,"8":0,"9":0,"10":0,"11":0,"12":0,"13":0,"14":0,"15":0,"16":0,"17":0,"18":0,"19":0,"20":0,"21":0,"22":0,"23":0,"24":0,"25":0,"26":0,"27":0,"28":0,"29":0,"30":0,"31":0,"32":0},"f":{"0":0,"1":0},"b":{"0":[0,0],"1":[0,0,0,0,0,0,0]}}
,"/Users/alocke/Desktop/blix/add/addProjectInstructions.js": {"path":"/Users/alocke/Desktop/blix/add/addProjectInstructions.js","statementMap":{"0":{"start":{"line":1,"column":16},"end":{"line":1,"column":0}},"1":{"start":{"line":2,"column":20},"end":{"line":2,"column":0}},"2":{"start":{"line":3,"column":14},"end":{"line":3,"column":0}},"3":{"start":{"line":4,"column":12},"end":{"line":4,"column":0}},"4":{"start":{"line":5,"column":14},"end":{"line":5,"column":0}},"5":{"start":{"line":7,"column":17},"end":{"line":7,"column":0}},"6":{"start":{"line":9,"column":19},"end":{"line":9,"column":0}},"7":{"start":{"line":11,"column":4},"end":{"line":21,"column":5}},"8":{"start":{"line":12,"column":8},"end":{"line":null,"column":-1}},"9":{"start":{"line":13,"column":8},"end":{"line":null,"column":-1}},"10":{"start":{"line":14,"column":11},"end":{"line":21,"column":5}},"11":{"start":{"line":15,"column":8},"end":{"line":null,"column":-1}},"12":{"start":{"line":16,"column":8},"end":{"line":null,"column":-1}},"13":{"start":{"line":17,"column":11},"end":{"line":21,"column":5}},"14":{"start":{"line":18,"column":8},"end":{"line":null,"column":-1}},"15":{"start":{"line":19,"column":8},"end":{"line":null,"column":-1}},"16":{"start":{"line":20,"column":8},"end":{"line":null,"column":-1}},"17":{"start":{"line":24,"column":4},"end":{"line":26,"column":5}},"18":{"start":{"line":25,"column":8},"end":{"line":null,"column":-1}},"19":{"start":{"line":29,"column":4},"end":{"line":33,"column":5}},"20":{"start":{"line":30,"column":8},"end":{"line":null,"column":-1}},"21":{"start":{"line":31,"column":11},"end":{"line":33,"column":5}},"22":{"start":{"line":32,"column":8},"end":{"line":null,"column":-1}},"23":{"start":{"line":36,"column":24},"end":{"line":36,"column":0}},"24":{"start":{"line":37,"column":23},"end":{"line":37,"column":4}},"25":{"start":{"line":38,"column":4},"end":{"line":null,"column":-1}},"26":{"start":{"line":39,"column":6},"end":{"line":45,"column":7}},"27":{"start":{"line":40,"column":8},"end":{"line":44,"column":9}},"28":{"start":{"line":41,"column":10},"end":{"line":null,"column":-1}},"29":{"start":{"line":43,"column":10},"end":{"line":null,"column":-1}},"30":{"start":{"line":48,"column":4},"end":{"line":54,"column":5}},"31":{"start":{"line":49,"column":8},"end":{"line":51,"column":9}},"32":{"start":{"line":50,"column":12},"end":{"line":null,"column":-1}},"33":{"start":{"line":53,"column":6},"end":{"line":null,"column":-1}},"34":{"start":{"line":57,"column":25},"end":{"line":57,"column":0}},"35":{"start":{"line":58,"column":4},"end":{"line":null,"column":-1}},"36":{"start":{"line":59,"column":6},"end":{"line":61,"column":7}},"37":{"start":{"line":60,"column":8},"end":{"line":null,"column":-1}},"38":{"start":{"line":65,"column":31},"end":{"line":65,"column":0}},"39":{"start":{"line":66,"column":4},"end":{"line":null,"column":-1}},"40":{"start":{"line":67,"column":4},"end":{"line":null,"column":-1}},"41":{"start":{"line":68,"column":4},"end":{"line":null,"column":-1}},"42":{"start":{"line":69,"column":4},"end":{"line":null,"column":-1}},"43":{"start":{"line":70,"column":4},"end":{"line":null,"column":-1}},"44":{"start":{"line":71,"column":4},"end":{"line":null,"column":-1}},"45":{"start":{"line":72,"column":4},"end":{"line":null,"column":-1}},"46":{"start":{"line":73,"column":4},"end":{"line":null,"column":-1}},"47":{"start":{"line":74,"column":4},"end":{"line":null,"column":-1}},"48":{"start":{"line":75,"column":4},"end":{"line":null,"column":-1}},"49":{"start":{"line":76,"column":4},"end":{"line":null,"column":-1}},"50":{"start":{"line":79,"column":0},"end":{"line":null,"column":-1}}},"fnMap":{"0":{"name":"(anonymous_0)","decl":{"start":{"line":9,"column":19},"end":{"line":9,"column":24}},"loc":{"start":{"line":9,"column":25},"end":{"line":9,"column":0}}},"1":{"name":"(anonymous_1)","decl":{"start":{"line":36,"column":24},"end":{"line":36,"column":29}},"loc":{"start":{"line":36,"column":30},"end":{"line":36,"column":0}}},"2":{"name":"(anonymous_2)","decl":{"start":{"line":38,"column":21},"end":{"line":38,"column":30}},"loc":{"start":{"line":38,"column":31},"end":{"line":38,"column":4}}},"3":{"name":"(anonymous_3)","decl":{"start":{"line":57,"column":25},"end":{"line":57,"column":30}},"loc":{"start":{"line":57,"column":31},"end":{"line":57,"column":0}}},"4":{"name":"(anonymous_4)","decl":{"start":{"line":58,"column":21},"end":{"line":58,"column":30}},"loc":{"start":{"line":58,"column":31},"end":{"line":58,"column":4}}},"5":{"name":"(anonymous_5)","decl":{"start":{"line":65,"column":31},"end":{"line":65,"column":36}},"loc":{"start":{"line":65,"column":37},"end":{"line":65,"column":0}}}},"branchMap":{"0":{"loc":{"start":{"line":11,"column":4},"end":{"line":21,"column":5}},"type":"if","locations":[{"start":{"line":11,"column":4},"end":{"line":21,"column":5}},{"start":{"line":11,"column":4},"end":{"line":21,"column":5}}]},"1":{"loc":{"start":{"line":14,"column":11},"end":{"line":21,"column":5}},"type":"if","locations":[{"start":{"line":14,"column":11},"end":{"line":21,"column":5}},{"start":{"line":14,"column":11},"end":{"line":21,"column":5}}]},"2":{"loc":{"start":{"line":17,"column":11},"end":{"line":21,"column":5}},"type":"if","locations":[{"start":{"line":17,"column":11},"end":{"line":21,"column":5}},{"start":{"line":17,"column":11},"end":{"line":21,"column":5}}]},"3":{"loc":{"start":{"line":24,"column":4},"end":{"line":26,"column":5}},"type":"if","locations":[{"start":{"line":24,"column":4},"end":{"line":26,"column":5}},{"start":{"line":24,"column":4},"end":{"line":26,"column":5}}]},"4":{"loc":{"start":{"line":29,"column":4},"end":{"line":33,"column":5}},"type":"if","locations":[{"start":{"line":29,"column":4},"end":{"line":33,"column":5}},{"start":{"line":29,"column":4},"end":{"line":33,"column":5}}]},"5":{"loc":{"start":{"line":31,"column":11},"end":{"line":33,"column":5}},"type":"if","locations":[{"start":{"line":31,"column":11},"end":{"line":33,"column":5}},{"start":{"line":31,"column":11},"end":{"line":33,"column":5}}]},"6":{"loc":{"start":{"line":39,"column":6},"end":{"line":45,"column":7}},"type":"if","locations":[{"start":{"line":39,"column":6},"end":{"line":45,"column":7}},{"start":{"line":39,"column":6},"end":{"line":45,"column":7}}]},"7":{"loc":{"start":{"line":39,"column":10},"end":{"line":39,"column":19}},"type":"binary-expr","locations":[{"start":{"line":39,"column":10},"end":{"line":39,"column":19}},{"start":{"line":39,"column":20},"end":{"line":39,"column":10}},{"start":{"line":39,"column":38},"end":{"line":39,"column":10}},{"start":{"line":39,"column":56},"end":{"line":39,"column":6}}]},"8":{"loc":{"start":{"line":40,"column":8},"end":{"line":44,"column":9}},"type":"if","locations":[{"start":{"line":40,"column":8},"end":{"line":44,"column":9}},{"start":{"line":40,"column":8},"end":{"line":44,"column":9}}]},"9":{"loc":{"start":{"line":49,"column":8},"end":{"line":51,"column":9}},"type":"if","locations":[{"start":{"line":49,"column":8},"end":{"line":51,"column":9}},{"start":{"line":49,"column":8},"end":{"line":51,"column":9}}]},"10":{"loc":{"start":{"line":53,"column":36},"end":{"line":53,"column":6}},"type":"cond-expr","locations":[{"start":{"line":53,"column":36},"end":{"line":53,"column":6}},{"start":{"line":53,"column":47},"end":{"line":53,"column":6}}]},"11":{"loc":{"start":{"line":59,"column":6},"end":{"line":61,"column":7}},"type":"if","locations":[{"start":{"line":59,"column":6},"end":{"line":61,"column":7}},{"start":{"line":59,"column":6},"end":{"line":61,"column":7}}]},"12":{"loc":{"start":{"line":59,"column":10},"end":{"line":59,"column":19}},"type":"binary-expr","locations":[{"start":{"line":59,"column":10},"end":{"line":59,"column":19}},{"start":{"line":59,"column":20},"end":{"line":59,"column":10}},{"start":{"line":59,"column":38},"end":{"line":59,"column":10}},{"start":{"line":59,"column":56},"end":{"line":59,"column":6}}]}},"s":{"0":0,"1":0,"2":0,"3":0,"4":0,"5":0,"6":0,"7":0,"8":0,"9":0,"10":0,"11":0,"12":0,"13":0,"14":0,"15":0,"16":0,"17":0,"18":0,"19":0,"20":0,"21":0,"22":0,"23":0,"24":0,"25":0,"26":0,"27":0,"28":0,"29":0,"30":0,"31":0,"32":0,"33":0,"34":0,"35":0,"36":0,"37":0,"38":0,"39":0,"40":0,"41":0,"42":0,"43":0,"44":0,"45":0,"46":0,"47":0,"48":0,"49":0,"50":0},"f":{"0":0,"1":0,"2":0,"3":0,"4":0,"5":0},"b":{"0":[0,0],"1":[0,0],"2":[0,0],"3":[0,0],"4":[0,0],"5":[0,0],"6":[0,0],"7":[0,0,0,0],"8":[0,0],"9":[0,0],"10":[0,0],"11":[0,0],"12":[0,0,0,0]}}
,"/Users/alocke/Desktop/blix/add/backend/addBackend.js": {"path":"/Users/alocke/Desktop/blix/add/backend/addBackend.js","statementMap":{"0":{"start":{"line":1,"column":15},"end":{"line":1,"column":0}},"1":{"start":{"line":2,"column":13},"end":{"line":2,"column":0}},"2":{"start":{"line":3,"column":16},"end":{"line":3,"column":0}},"3":{"start":{"line":4,"column":11},"end":{"line":4,"column":0}},"4":{"start":{"line":5,"column":13},"end":{"line":5,"column":0}},"5":{"start":{"line":6,"column":14},"end":{"line":6,"column":0}},"6":{"start":{"line":7,"column":31},"end":{"line":7,"column":0}},"7":{"start":{"line":9,"column":24},"end":{"line":9,"column":0}},"8":{"start":{"line":10,"column":33},"end":{"line":10,"column":0}},"9":{"start":{"line":11,"column":34},"end":{"line":11,"column":0}},"10":{"start":{"line":13,"column":17},"end":{"line":13,"column":0}},"11":{"start":{"line":14,"column":13},"end":{"line":14,"column":2}},"12":{"start":{"line":15,"column":2},"end":{"line":null,"column":-1}},"13":{"start":{"line":18,"column":49},"end":{"line":18,"column":0}},"14":{"start":{"line":20,"column":17},"end":{"line":20,"column":0}},"15":{"start":{"line":21,"column":2},"end":{"line":null,"column":-1}},"16":{"start":{"line":22,"column":31},"end":{"line":22,"column":2}},"17":{"start":{"line":23,"column":2},"end":{"line":null,"column":-1}},"18":{"start":{"line":24,"column":2},"end":{"line":null,"column":-1}},"19":{"start":{"line":25,"column":2},"end":{"line":null,"column":-1}},"20":{"start":{"line":29,"column":16},"end":{"line":29,"column":0}},"21":{"start":{"line":30,"column":15},"end":{"line":30,"column":0}},"22":{"start":{"line":32,"column":22},"end":{"line":32,"column":0}},"23":{"start":{"line":33,"column":2},"end":{"line":38,"column":3}},"24":{"start":{"line":34,"column":4},"end":{"line":null,"column":-1}},"25":{"start":{"line":36,"column":4},"end":{"line":null,"column":-1}},"26":{"start":{"line":37,"column":4},"end":{"line":null,"column":-1}},"27":{"start":{"line":39,"column":2},"end":{"line":null,"column":-1}},"28":{"start":{"line":40,"column":2},"end":{"line":null,"column":-1}},"29":{"start":{"line":41,"column":2},"end":{"line":null,"column":-1}},"30":{"start":{"line":42,"column":2},"end":{"line":48,"column":3}},"31":{"start":{"line":43,"column":4},"end":{"line":47,"column":5}},"32":{"start":{"line":44,"column":6},"end":{"line":null,"column":-1}},"33":{"start":{"line":46,"column":6},"end":{"line":null,"column":-1}},"34":{"start":{"line":50,"column":2},"end":{"line":null,"column":-1}},"35":{"start":{"line":51,"column":2},"end":{"line":null,"column":-1}},"36":{"start":{"line":53,"column":2},"end":{"line":null,"column":-1}},"37":{"start":{"line":55,"column":2},"end":{"line":null,"column":-1}},"38":{"start":{"line":56,"column":2},"end":{"line":null,"column":-1}},"39":{"start":{"line":57,"column":2},"end":{"line":null,"column":-1}},"40":{"start":{"line":58,"column":2},"end":{"line":null,"column":-1}},"41":{"start":{"line":59,"column":2},"end":{"line":null,"column":-1}},"42":{"start":{"line":60,"column":2},"end":{"line":null,"column":-1}},"43":{"start":{"line":63,"column":17},"end":{"line":63,"column":0}},"44":{"start":{"line":64,"column":15},"end":{"line":64,"column":2}},"45":{"start":{"line":65,"column":17},"end":{"line":65,"column":2}},"46":{"start":{"line":66,"column":21},"end":{"line":66,"column":2}},"47":{"start":{"line":68,"column":2},"end":{"line":null,"column":-1}},"48":{"start":{"line":69,"column":2},"end":{"line":null,"column":-1}},"49":{"start":{"line":70,"column":2},"end":{"line":null,"column":-1}},"50":{"start":{"line":71,"column":2},"end":{"line":null,"column":-1}},"51":{"start":{"line":72,"column":2},"end":{"line":null,"column":-1}},"52":{"start":{"line":75,"column":12},"end":{"line":75,"column":0}},"53":{"start":{"line":76,"column":17},"end":{"line":76,"column":2}},"54":{"start":{"line":77,"column":16},"end":{"line":77,"column":2}},"55":{"start":{"line":78,"column":17},"end":{"line":78,"column":2}},"56":{"start":{"line":79,"column":14},"end":{"line":79,"column":2}},"57":{"start":{"line":80,"column":21},"end":{"line":80,"column":2}},"58":{"start":{"line":82,"column":2},"end":{"line":null,"column":-1}},"59":{"start":{"line":84,"column":2},"end":{"line":null,"column":-1}},"60":{"start":{"line":85,"column":2},"end":{"line":null,"column":-1}},"61":{"start":{"line":86,"column":2},"end":{"line":null,"column":-1}},"62":{"start":{"line":87,"column":2},"end":{"line":null,"column":-1}},"63":{"start":{"line":88,"column":2},"end":{"line":null,"column":-1}},"64":{"start":{"line":90,"column":2},"end":{"line":null,"column":-1}},"65":{"start":{"line":93,"column":12},"end":{"line":93,"column":0}},"66":{"start":{"line":94,"column":17},"end":{"line":94,"column":2}},"67":{"start":{"line":95,"column":25},"end":{"line":95,"column":2}},"68":{"start":{"line":97,"column":2},"end":{"line":null,"column":-1}},"69":{"start":{"line":98,"column":2},"end":{"line":null,"column":-1}},"70":{"start":{"line":101,"column":17},"end":{"line":101,"column":0}},"71":{"start":{"line":102,"column":2},"end":{"line":null,"column":-1}},"72":{"start":{"line":103,"column":2},"end":{"line":115,"column":3}},"73":{"start":{"line":104,"column":4},"end":{"line":null,"column":-1}},"74":{"start":{"line":107,"column":9},"end":{"line":115,"column":3}},"75":{"start":{"line":108,"column":4},"end":{"line":null,"column":-1}},"76":{"start":{"line":112,"column":4},"end":{"line":null,"column":-1}},"77":{"start":{"line":118,"column":20},"end":{"line":118,"column":0}},"78":{"start":{"line":119,"column":2},"end":{"line":123,"column":3}},"79":{"start":{"line":120,"column":4},"end":{"line":null,"column":-1}},"80":{"start":{"line":121,"column":9},"end":{"line":123,"column":3}},"81":{"start":{"line":122,"column":4},"end":{"line":null,"column":-1}},"82":{"start":{"line":126,"column":16},"end":{"line":126,"column":0}},"83":{"start":{"line":127,"column":2},"end":{"line":null,"column":-1}},"84":{"start":{"line":128,"column":21},"end":{"line":128,"column":2}},"85":{"start":{"line":129,"column":29},"end":{"line":129,"column":2}},"86":{"start":{"line":130,"column":25},"end":{"line":130,"column":2}},"87":{"start":{"line":132,"column":2},"end":{"line":null,"column":-1}},"88":{"start":{"line":134,"column":2},"end":{"line":null,"column":-1}},"89":{"start":{"line":135,"column":2},"end":{"line":null,"column":-1}},"90":{"start":{"line":136,"column":2},"end":{"line":null,"column":-1}},"91":{"start":{"line":137,"column":2},"end":{"line":null,"column":-1}},"92":{"start":{"line":139,"column":2},"end":{"line":143,"column":3}},"93":{"start":{"line":140,"column":4},"end":{"line":null,"column":-1}},"94":{"start":{"line":141,"column":9},"end":{"line":143,"column":3}},"95":{"start":{"line":142,"column":4},"end":{"line":null,"column":-1}},"96":{"start":{"line":146,"column":19},"end":{"line":146,"column":0}},"97":{"start":{"line":147,"column":17},"end":{"line":147,"column":2}},"98":{"start":{"line":148,"column":23},"end":{"line":148,"column":2}},"99":{"start":{"line":150,"column":2},"end":{"line":156,"column":3}},"100":{"start":{"line":151,"column":3},"end":{"line":null,"column":-1}},"101":{"start":{"line":152,"column":3},"end":{"line":null,"column":-1}},"102":{"start":{"line":154,"column":4},"end":{"line":null,"column":-1}},"103":{"start":{"line":155,"column":4},"end":{"line":null,"column":-1}},"104":{"start":{"line":157,"column":2},"end":{"line":null,"column":-1}},"105":{"start":{"line":160,"column":18},"end":{"line":160,"column":0}},"106":{"start":{"line":161,"column":17},"end":{"line":161,"column":2}},"107":{"start":{"line":162,"column":22},"end":{"line":162,"column":2}},"108":{"start":{"line":164,"column":2},"end":{"line":171,"column":3}},"109":{"start":{"line":166,"column":4},"end":{"line":null,"column":-1}},"110":{"start":{"line":167,"column":4},"end":{"line":null,"column":-1}},"111":{"start":{"line":169,"column":4},"end":{"line":null,"column":-1}},"112":{"start":{"line":170,"column":4},"end":{"line":null,"column":-1}},"113":{"start":{"line":172,"column":2},"end":{"line":null,"column":-1}},"114":{"start":{"line":175,"column":0},"end":{"line":null,"column":-1}}},"fnMap":{"0":{"name":"(anonymous_0)","decl":{"start":{"line":13,"column":17},"end":{"line":13,"column":28}},"loc":{"start":{"line":13,"column":29},"end":{"line":13,"column":0}}},"1":{"name":"(anonymous_1)","decl":{"start":{"line":20,"column":17},"end":{"line":20,"column":28}},"loc":{"start":{"line":20,"column":29},"end":{"line":20,"column":0}}},"2":{"name":"(anonymous_2)","decl":{"start":{"line":32,"column":22},"end":{"line":32,"column":23}},"loc":{"start":{"line":32,"column":75},"end":{"line":32,"column":0}}},"3":{"name":"(anonymous_3)","decl":{"start":{"line":63,"column":17},"end":{"line":63,"column":22}},"loc":{"start":{"line":63,"column":23},"end":{"line":63,"column":0}}},"4":{"name":"(anonymous_4)","decl":{"start":{"line":75,"column":12},"end":{"line":75,"column":17}},"loc":{"start":{"line":75,"column":18},"end":{"line":75,"column":0}}},"5":{"name":"(anonymous_5)","decl":{"start":{"line":93,"column":12},"end":{"line":93,"column":17}},"loc":{"start":{"line":93,"column":18},"end":{"line":93,"column":0}}},"6":{"name":"(anonymous_6)","decl":{"start":{"line":101,"column":17},"end":{"line":101,"column":24}},"loc":{"start":{"line":101,"column":25},"end":{"line":101,"column":0}}},"7":{"name":"(anonymous_7)","decl":{"start":{"line":118,"column":20},"end":{"line":118,"column":40}},"loc":{"start":{"line":118,"column":41},"end":{"line":118,"column":0}}},"8":{"name":"(anonymous_8)","decl":{"start":{"line":126,"column":16},"end":{"line":126,"column":23}},"loc":{"start":{"line":126,"column":24},"end":{"line":126,"column":0}}},"9":{"name":"(anonymous_9)","decl":{"start":{"line":146,"column":19},"end":{"line":146,"column":24}},"loc":{"start":{"line":146,"column":25},"end":{"line":146,"column":0}}},"10":{"name":"(anonymous_10)","decl":{"start":{"line":160,"column":18},"end":{"line":160,"column":23}},"loc":{"start":{"line":160,"column":24},"end":{"line":160,"column":0}}}},"branchMap":{"0":{"loc":{"start":{"line":42,"column":2},"end":{"line":48,"column":3}},"type":"if","locations":[{"start":{"line":42,"column":2},"end":{"line":48,"column":3}},{"start":{"line":42,"column":2},"end":{"line":48,"column":3}}]},"1":{"loc":{"start":{"line":53,"column":29},"end":{"line":53,"column":2}},"type":"cond-expr","locations":[{"start":{"line":53,"column":29},"end":{"line":53,"column":2}},{"start":{"line":53,"column":42},"end":{"line":53,"column":2}}]},"2":{"loc":{"start":{"line":53,"column":64},"end":{"line":53,"column":42}},"type":"cond-expr","locations":[{"start":{"line":53,"column":64},"end":{"line":53,"column":42}},{"start":{"line":53,"column":72},"end":{"line":53,"column":2}}]},"3":{"loc":{"start":{"line":103,"column":2},"end":{"line":115,"column":3}},"type":"if","locations":[{"start":{"line":103,"column":2},"end":{"line":115,"column":3}},{"start":{"line":103,"column":2},"end":{"line":115,"column":3}}]},"4":{"loc":{"start":{"line":107,"column":9},"end":{"line":115,"column":3}},"type":"if","locations":[{"start":{"line":107,"column":9},"end":{"line":115,"column":3}},{"start":{"line":107,"column":9},"end":{"line":115,"column":3}}]},"5":{"loc":{"start":{"line":119,"column":2},"end":{"line":123,"column":3}},"type":"if","locations":[{"start":{"line":119,"column":2},"end":{"line":123,"column":3}},{"start":{"line":119,"column":2},"end":{"line":123,"column":3}}]},"6":{"loc":{"start":{"line":121,"column":9},"end":{"line":123,"column":3}},"type":"if","locations":[{"start":{"line":121,"column":9},"end":{"line":123,"column":3}},{"start":{"line":121,"column":9},"end":{"line":123,"column":3}}]},"7":{"loc":{"start":{"line":139,"column":2},"end":{"line":143,"column":3}},"type":"if","locations":[{"start":{"line":139,"column":2},"end":{"line":143,"column":3}},{"start":{"line":139,"column":2},"end":{"line":143,"column":3}}]},"8":{"loc":{"start":{"line":141,"column":9},"end":{"line":143,"column":3}},"type":"if","locations":[{"start":{"line":141,"column":9},"end":{"line":143,"column":3}},{"start":{"line":141,"column":9},"end":{"line":143,"column":3}}]},"9":{"loc":{"start":{"line":150,"column":2},"end":{"line":156,"column":3}},"type":"if","locations":[{"start":{"line":150,"column":2},"end":{"line":156,"column":3}},{"start":{"line":150,"column":2},"end":{"line":156,"column":3}}]},"10":{"loc":{"start":{"line":164,"column":2},"end":{"line":171,"column":3}},"type":"if","locations":[{"start":{"line":164,"column":2},"end":{"line":171,"column":3}},{"start":{"line":164,"column":2},"end":{"line":171,"column":3}}]}},"s":{"0":0,"1":0,"2":0,"3":0,"4":0,"5":0,"6":0,"7":0,"8":0,"9":0,"10":0,"11":0,"12":0,"13":0,"14":0,"15":0,"16":0,"17":0,"18":0,"19":0,"20":0,"21":0,"22":0,"23":0,"24":0,"25":0,"26":0,"27":0,"28":0,"29":0,"30":0,"31":0,"32":0,"33":0,"34":0,"35":0,"36":0,"37":0,"38":0,"39":0,"40":0,"41":0,"42":0,"43":0,"44":0,"45":0,"46":0,"47":0,"48":0,"49":0,"50":0,"51":0,"52":0,"53":0,"54":0,"55":0,"56":0,"57":0,"58":0,"59":0,"60":0,"61":0,"62":0,"63":0,"64":0,"65":0,"66":0,"67":0,"68":0,"69":0,"70":0,"71":0,"72":0,"73":0,"74":0,"75":0,"76":0,"77":0,"78":0,"79":0,"80":0,"81":0,"82":0,"83":0,"84":0,"85":0,"86":0,"87":0,"88":0,"89":0,"90":0,"91":0,"92":0,"93":0,"94":0,"95":0,"96":0,"97":0,"98":0,"99":0,"100":0,"101":0,"102":0,"103":0,"104":0,"105":0,"106":0,"107":0,"108":0,"109":0,"110":0,"111":0,"112":0,"113":0,"114":0},"f":{"0":0,"1":0,"2":0,"3":0,"4":0,"5":0,"6":0,"7":0,"8":0,"9":0,"10":0},"b":{"0":[0,0],"1":[0,0],"2":[0,0],"3":[0,0],"4":[0,0],"5":[0,0],"6":[0,0],"7":[0,0],"8":[0,0],"9":[0,0],"10":[0,0]}}
,"/Users/alocke/Desktop/blix/add/backend/addBackendTests.js": {"path":"/Users/alocke/Desktop/blix/add/backend/addBackendTests.js","statementMap":{"0":{"start":{"line":1,"column":16},"end":{"line":1,"column":0}},"1":{"start":{"line":2,"column":11},"end":{"line":2,"column":0}},"2":{"start":{"line":3,"column":13},"end":{"line":3,"column":0}},"3":{"start":{"line":5,"column":17},"end":{"line":5,"column":0}},"4":{"start":{"line":6,"column":13},"end":{"line":6,"column":2}},"5":{"start":{"line":7,"column":2},"end":{"line":null,"column":-1}},"6":{"start":{"line":10,"column":38},"end":{"line":10,"column":0}},"7":{"start":{"line":11,"column":2},"end":{"line":13,"column":3}},"8":{"start":{"line":12,"column":4},"end":{"line":null,"column":-1}},"9":{"start":{"line":16,"column":25},"end":{"line":16,"column":0}},"10":{"start":{"line":17,"column":2},"end":{"line":null,"column":-1}},"11":{"start":{"line":18,"column":2},"end":{"line":null,"column":-1}},"12":{"start":{"line":19,"column":2},"end":{"line":null,"column":-1}},"13":{"start":{"line":20,"column":2},"end":{"line":null,"column":-1}},"14":{"start":{"line":24,"column":13},"end":{"line":24,"column":2}},"15":{"start":{"line":25,"column":2},"end":{"line":31,"column":3}},"16":{"start":{"line":26,"column":4},"end":{"line":null,"column":-1}},"17":{"start":{"line":32,"column":19},"end":{"line":32,"column":2}},"18":{"start":{"line":33,"column":2},"end":{"line":null,"column":-1}},"19":{"start":{"line":36,"column":24},"end":{"line":36,"column":0}},"20":{"start":{"line":37,"column":2},"end":{"line":null,"column":-1}},"21":{"start":{"line":38,"column":2},"end":{"line":null,"column":-1}},"22":{"start":{"line":39,"column":2},"end":{"line":null,"column":-1}},"23":{"start":{"line":43,"column":13},"end":{"line":43,"column":2}},"24":{"start":{"line":44,"column":2},"end":{"line":54,"column":3}},"25":{"start":{"line":45,"column":15},"end":{"line":45,"column":4}},"26":{"start":{"line":53,"column":4},"end":{"line":null,"column":-1}},"27":{"start":{"line":55,"column":19},"end":{"line":55,"column":2}},"28":{"start":{"line":56,"column":2},"end":{"line":null,"column":-1}},"29":{"start":{"line":57,"column":2},"end":{"line":null,"column":-1}},"30":{"start":{"line":60,"column":18},"end":{"line":60,"column":0}},"31":{"start":{"line":61,"column":2},"end":{"line":null,"column":-1}},"32":{"start":{"line":68,"column":0},"end":{"line":null,"column":-1}}},"fnMap":{"0":{"name":"(anonymous_0)","decl":{"start":{"line":5,"column":17},"end":{"line":5,"column":28}},"loc":{"start":{"line":5,"column":29},"end":{"line":5,"column":0}}},"1":{"name":"(anonymous_1)","decl":{"start":{"line":10,"column":38},"end":{"line":10,"column":43}},"loc":{"start":{"line":10,"column":44},"end":{"line":10,"column":0}}},"2":{"name":"(anonymous_2)","decl":{"start":{"line":16,"column":25},"end":{"line":16,"column":30}},"loc":{"start":{"line":16,"column":31},"end":{"line":16,"column":0}}},"3":{"name":"(anonymous_3)","decl":{"start":{"line":36,"column":24},"end":{"line":36,"column":29}},"loc":{"start":{"line":36,"column":30},"end":{"line":36,"column":0}}},"4":{"name":"(anonymous_4)","decl":{"start":{"line":60,"column":18},"end":{"line":60,"column":25}},"loc":{"start":{"line":60,"column":26},"end":{"line":60,"column":0}}}},"branchMap":{"0":{"loc":{"start":{"line":11,"column":2},"end":{"line":13,"column":3}},"type":"if","locations":[{"start":{"line":11,"column":2},"end":{"line":13,"column":3}},{"start":{"line":11,"column":2},"end":{"line":13,"column":3}}]},"1":{"loc":{"start":{"line":25,"column":2},"end":{"line":31,"column":3}},"type":"if","locations":[{"start":{"line":25,"column":2},"end":{"line":31,"column":3}},{"start":{"line":25,"column":2},"end":{"line":31,"column":3}}]},"2":{"loc":{"start":{"line":44,"column":2},"end":{"line":54,"column":3}},"type":"if","locations":[{"start":{"line":44,"column":2},"end":{"line":54,"column":3}},{"start":{"line":44,"column":2},"end":{"line":54,"column":3}}]},"3":{"loc":{"start":{"line":62,"column":6},"end":{"line":61,"column":2}},"type":"cond-expr","locations":[{"start":{"line":62,"column":6},"end":{"line":61,"column":2}},{"start":{"line":63,"column":6},"end":{"line":61,"column":2}}]},"4":{"loc":{"start":{"line":64,"column":8},"end":{"line":63,"column":6}},"type":"cond-expr","locations":[{"start":{"line":64,"column":8},"end":{"line":63,"column":6}},{"start":{"line":65,"column":8},"end":{"line":61,"column":2}}]}},"s":{"0":0,"1":0,"2":0,"3":0,"4":0,"5":0,"6":0,"7":0,"8":0,"9":0,"10":0,"11":0,"12":0,"13":0,"14":0,"15":0,"16":0,"17":0,"18":0,"19":0,"20":0,"21":0,"22":0,"23":0,"24":0,"25":0,"26":0,"27":0,"28":0,"29":0,"30":0,"31":0,"32":0},"f":{"0":0,"1":0,"2":0,"3":0,"4":0},"b":{"0":[0,0],"1":[0,0],"2":[0,0],"3":[0,0],"4":[0,0]}}
,"/Users/alocke/Desktop/blix/add/backend/addBookshelf.js": {"path":"/Users/alocke/Desktop/blix/add/backend/addBookshelf.js","statementMap":{"0":{"start":{"line":1,"column":11},"end":{"line":1,"column":0}},"1":{"start":{"line":2,"column":16},"end":{"line":2,"column":0}},"2":{"start":{"line":3,"column":17},"end":{"line":3,"column":0}},"3":{"start":{"line":4,"column":13},"end":{"line":4,"column":0}},"4":{"start":{"line":5,"column":14},"end":{"line":5,"column":0}},"5":{"start":{"line":7,"column":17},"end":{"line":7,"column":0}},"6":{"start":{"line":8,"column":13},"end":{"line":8,"column":2}},"7":{"start":{"line":9,"column":2},"end":{"line":null,"column":-1}},"8":{"start":{"line":12,"column":30},"end":{"line":12,"column":0}},"9":{"start":{"line":14,"column":2},"end":{"line":null,"column":-1}},"10":{"start":{"line":15,"column":20},"end":{"line":15,"column":2}},"11":{"start":{"line":16,"column":16},"end":{"line":16,"column":2}},"12":{"start":{"line":17,"column":20},"end":{"line":17,"column":2}},"13":{"start":{"line":20,"column":25},"end":{"line":20,"column":2}},"14":{"start":{"line":23,"column":2},"end":{"line":null,"column":-1}},"15":{"start":{"line":25,"column":2},"end":{"line":null,"column":-1}},"16":{"start":{"line":26,"column":2},"end":{"line":null,"column":-1}},"17":{"start":{"line":27,"column":2},"end":{"line":null,"column":-1}},"18":{"start":{"line":29,"column":2},"end":{"line":null,"column":-1}},"19":{"start":{"line":30,"column":2},"end":{"line":null,"column":-1}},"20":{"start":{"line":31,"column":2},"end":{"line":null,"column":-1}},"21":{"start":{"line":32,"column":2},"end":{"line":null,"column":-1}},"22":{"start":{"line":35,"column":0},"end":{"line":null,"column":-1}},"23":{"start":{"line":39,"column":26},"end":{"line":39,"column":0}},"24":{"start":{"line":40,"column":13},"end":{"line":40,"column":2}},"25":{"start":{"line":41,"column":2},"end":{"line":53,"column":3}},"26":{"start":{"line":42,"column":4},"end":{"line":46,"column":5}},"27":{"start":{"line":43,"column":6},"end":{"line":null,"column":-1}},"28":{"start":{"line":45,"column":6},"end":{"line":null,"column":-1}},"29":{"start":{"line":48,"column":4},"end":{"line":null,"column":-1}},"30":{"start":{"line":50,"column":4},"end":{"line":null,"column":-1}}},"fnMap":{"0":{"name":"(anonymous_0)","decl":{"start":{"line":7,"column":17},"end":{"line":7,"column":28}},"loc":{"start":{"line":7,"column":29},"end":{"line":7,"column":0}}},"1":{"name":"(anonymous_1)","decl":{"start":{"line":12,"column":30},"end":{"line":12,"column":41}},"loc":{"start":{"line":12,"column":42},"end":{"line":12,"column":0}}},"2":{"name":"(anonymous_2)","decl":{"start":{"line":39,"column":26},"end":{"line":39,"column":31}},"loc":{"start":{"line":39,"column":32},"end":{"line":39,"column":0}}}},"branchMap":{"0":{"loc":{"start":{"line":42,"column":4},"end":{"line":46,"column":5}},"type":"if","locations":[{"start":{"line":42,"column":4},"end":{"line":46,"column":5}},{"start":{"line":42,"column":4},"end":{"line":46,"column":5}}]}},"s":{"0":0,"1":0,"2":0,"3":0,"4":0,"5":0,"6":0,"7":0,"8":0,"9":0,"10":0,"11":0,"12":0,"13":0,"14":0,"15":0,"16":0,"17":0,"18":0,"19":0,"20":0,"21":0,"22":0,"23":0,"24":0,"25":0,"26":0,"27":0,"28":0,"29":0,"30":0},"f":{"0":0,"1":0,"2":0},"b":{"0":[0,0]}}
,"/Users/alocke/Desktop/blix/add/backend/addMongoDB.js": {"path":"/Users/alocke/Desktop/blix/add/backend/addMongoDB.js","statementMap":{"0":{"start":{"line":1,"column":13},"end":{"line":1,"column":0}},"1":{"start":{"line":2,"column":11},"end":{"line":2,"column":0}},"2":{"start":{"line":3,"column":16},"end":{"line":3,"column":0}},"3":{"start":{"line":4,"column":14},"end":{"line":4,"column":0}},"4":{"start":{"line":5,"column":17},"end":{"line":5,"column":0}},"5":{"start":{"line":6,"column":13},"end":{"line":6,"column":2}},"6":{"start":{"line":7,"column":2},"end":{"line":null,"column":-1}},"7":{"start":{"line":11,"column":29},"end":{"line":11,"column":0}},"8":{"start":{"line":12,"column":2},"end":{"line":null,"column":-1}},"9":{"start":{"line":13,"column":14},"end":{"line":13,"column":2}},"10":{"start":{"line":14,"column":23},"end":{"line":14,"column":2}},"11":{"start":{"line":16,"column":2},"end":{"line":null,"column":-1}},"12":{"start":{"line":17,"column":2},"end":{"line":null,"column":-1}},"13":{"start":{"line":19,"column":2},"end":{"line":null,"column":-1}},"14":{"start":{"line":20,"column":2},"end":{"line":null,"column":-1}},"15":{"start":{"line":23,"column":28},"end":{"line":23,"column":0}},"16":{"start":{"line":24,"column":26},"end":{"line":24,"column":2}},"17":{"start":{"line":25,"column":2},"end":{"line":null,"column":-1}},"18":{"start":{"line":27,"column":2},"end":{"line":null,"column":-1}},"19":{"start":{"line":28,"column":2},"end":{"line":null,"column":-1}},"20":{"start":{"line":31,"column":22},"end":{"line":31,"column":0}},"21":{"start":{"line":32,"column":13},"end":{"line":32,"column":2}},"22":{"start":{"line":33,"column":2},"end":{"line":41,"column":3}},"23":{"start":{"line":34,"column":4},"end":{"line":38,"column":5}},"24":{"start":{"line":35,"column":6},"end":{"line":null,"column":-1}},"25":{"start":{"line":37,"column":6},"end":{"line":null,"column":-1}},"26":{"start":{"line":40,"column":4},"end":{"line":null,"column":-1}},"27":{"start":{"line":44,"column":0},"end":{"line":null,"column":-1}}},"fnMap":{"0":{"name":"(anonymous_0)","decl":{"start":{"line":5,"column":17},"end":{"line":5,"column":28}},"loc":{"start":{"line":5,"column":29},"end":{"line":5,"column":0}}},"1":{"name":"(anonymous_1)","decl":{"start":{"line":11,"column":29},"end":{"line":11,"column":34}},"loc":{"start":{"line":11,"column":35},"end":{"line":11,"column":0}}},"2":{"name":"(anonymous_2)","decl":{"start":{"line":23,"column":28},"end":{"line":23,"column":33}},"loc":{"start":{"line":23,"column":34},"end":{"line":23,"column":0}}},"3":{"name":"(anonymous_3)","decl":{"start":{"line":31,"column":22},"end":{"line":31,"column":27}},"loc":{"start":{"line":31,"column":28},"end":{"line":31,"column":0}}}},"branchMap":{"0":{"loc":{"start":{"line":34,"column":4},"end":{"line":38,"column":5}},"type":"if","locations":[{"start":{"line":34,"column":4},"end":{"line":38,"column":5}},{"start":{"line":34,"column":4},"end":{"line":38,"column":5}}]}},"s":{"0":0,"1":0,"2":0,"3":0,"4":0,"5":0,"6":0,"7":0,"8":0,"9":0,"10":0,"11":0,"12":0,"13":0,"14":0,"15":0,"16":0,"17":0,"18":0,"19":0,"20":0,"21":0,"22":0,"23":0,"24":0,"25":0,"26":0,"27":0},"f":{"0":0,"1":0,"2":0,"3":0},"b":{"0":[0,0]}}
,"/Users/alocke/Desktop/blix/add/database/addDataBase.js": {"path":"/Users/alocke/Desktop/blix/add/database/addDataBase.js","statementMap":{"0":{"start":{"line":1,"column":15},"end":{"line":1,"column":0}},"1":{"start":{"line":2,"column":15},"end":{"line":2,"column":0}},"2":{"start":{"line":3,"column":31},"end":{"line":3,"column":0}},"3":{"start":{"line":4,"column":16},"end":{"line":4,"column":0}},"4":{"start":{"line":5,"column":21},"end":{"line":5,"column":0}},"5":{"start":{"line":6,"column":33},"end":{"line":6,"column":0}},"6":{"start":{"line":7,"column":34},"end":{"line":7,"column":0}},"7":{"start":{"line":8,"column":14},"end":{"line":8,"column":0}},"8":{"start":{"line":10,"column":20},"end":{"line":10,"column":0}},"9":{"start":{"line":11,"column":2},"end":{"line":null,"column":-1}},"10":{"start":{"line":12,"column":2},"end":{"line":null,"column":-1}},"11":{"start":{"line":13,"column":2},"end":{"line":17,"column":3}},"12":{"start":{"line":14,"column":4},"end":{"line":null,"column":-1}},"13":{"start":{"line":15,"column":9},"end":{"line":17,"column":3}},"14":{"start":{"line":16,"column":4},"end":{"line":null,"column":-1}},"15":{"start":{"line":18,"column":2},"end":{"line":null,"column":-1}},"16":{"start":{"line":19,"column":2},"end":{"line":null,"column":-1}},"17":{"start":{"line":22,"column":0},"end":{"line":null,"column":-1}}},"fnMap":{"0":{"name":"(anonymous_0)","decl":{"start":{"line":10,"column":20},"end":{"line":10,"column":31}},"loc":{"start":{"line":10,"column":32},"end":{"line":10,"column":0}}}},"branchMap":{"0":{"loc":{"start":{"line":13,"column":2},"end":{"line":17,"column":3}},"type":"if","locations":[{"start":{"line":13,"column":2},"end":{"line":17,"column":3}},{"start":{"line":13,"column":2},"end":{"line":17,"column":3}}]},"1":{"loc":{"start":{"line":15,"column":9},"end":{"line":17,"column":3}},"type":"if","locations":[{"start":{"line":15,"column":9},"end":{"line":17,"column":3}},{"start":{"line":15,"column":9},"end":{"line":17,"column":3}}]}},"s":{"0":0,"1":0,"2":0,"3":0,"4":0,"5":0,"6":0,"7":0,"8":0,"9":0,"10":0,"11":0,"12":0,"13":0,"14":0,"15":0,"16":0,"17":0},"f":{"0":0},"b":{"0":[0,0],"1":[0,0]}}
,"/Users/alocke/Desktop/blix/add/react-router/addReactRouter.js": {"path":"/Users/alocke/Desktop/blix/add/react-router/addReactRouter.js","statementMap":{"0":{"start":{"line":1,"column":9},"end":{"line":1,"column":0}},"1":{"start":{"line":2,"column":11},"end":{"line":2,"column":0}},"2":{"start":{"line":3,"column":14},"end":{"line":3,"column":0}},"3":{"start":{"line":4,"column":15},"end":{"line":4,"column":0}},"4":{"start":{"line":5,"column":13},"end":{"line":5,"column":0}},"5":{"start":{"line":6,"column":29},"end":{"line":6,"column":0}},"6":{"start":{"line":7,"column":12},"end":{"line":7,"column":0}},"7":{"start":{"line":9,"column":15},"end":{"line":9,"column":0}},"8":{"start":{"line":10,"column":15},"end":{"line":10,"column":4}},"9":{"start":{"line":11,"column":4},"end":{"line":null,"column":-1}},"10":{"start":{"line":14,"column":21},"end":{"line":14,"column":0}},"11":{"start":{"line":20,"column":21},"end":{"line":20,"column":0}},"12":{"start":{"line":21,"column":4},"end":{"line":null,"column":-1}},"13":{"start":{"line":22,"column":4},"end":{"line":null,"column":-1}},"14":{"start":{"line":23,"column":17},"end":{"line":23,"column":4}},"15":{"start":{"line":24,"column":4},"end":{"line":null,"column":-1}},"16":{"start":{"line":25,"column":4},"end":{"line":27,"column":5}},"17":{"start":{"line":26,"column":8},"end":{"line":null,"column":-1}},"18":{"start":{"line":30,"column":0},"end":{"line":null,"column":-1}},"19":{"start":{"line":32,"column":18},"end":{"line":32,"column":0}},"20":{"start":{"line":33,"column":4},"end":{"line":null,"column":-1}},"21":{"start":{"line":34,"column":4},"end":{"line":null,"column":-1}},"22":{"start":{"line":36,"column":4},"end":{"line":45,"column":5}},"23":{"start":{"line":37,"column":8},"end":{"line":null,"column":-1}},"24":{"start":{"line":38,"column":8},"end":{"line":null,"column":-1}},"25":{"start":{"line":39,"column":11},"end":{"line":45,"column":5}},"26":{"start":{"line":40,"column":8},"end":{"line":null,"column":-1}},"27":{"start":{"line":41,"column":8},"end":{"line":null,"column":-1}},"28":{"start":{"line":42,"column":11},"end":{"line":45,"column":5}},"29":{"start":{"line":43,"column":8},"end":{"line":null,"column":-1}},"30":{"start":{"line":44,"column":8},"end":{"line":null,"column":-1}},"31":{"start":{"line":48,"column":4},"end":{"line":54,"column":5}},"32":{"start":{"line":49,"column":8},"end":{"line":null,"column":-1}},"33":{"start":{"line":50,"column":11},"end":{"line":54,"column":5}},"34":{"start":{"line":51,"column":8},"end":{"line":null,"column":-1}},"35":{"start":{"line":52,"column":11},"end":{"line":54,"column":5}},"36":{"start":{"line":53,"column":8},"end":{"line":null,"column":-1}},"37":{"start":{"line":57,"column":17},"end":{"line":57,"column":0}},"38":{"start":{"line":58,"column":4},"end":{"line":null,"column":-1}},"39":{"start":{"line":60,"column":4},"end":{"line":69,"column":5}},"40":{"start":{"line":61,"column":23},"end":{"line":61,"column":8}},"41":{"start":{"line":62,"column":8},"end":{"line":null,"column":-1}},"42":{"start":{"line":63,"column":11},"end":{"line":69,"column":5}},"43":{"start":{"line":64,"column":23},"end":{"line":64,"column":8}},"44":{"start":{"line":65,"column":8},"end":{"line":null,"column":-1}},"45":{"start":{"line":67,"column":23},"end":{"line":67,"column":8}},"46":{"start":{"line":68,"column":8},"end":{"line":null,"column":-1}},"47":{"start":{"line":71,"column":20},"end":{"line":71,"column":4}},"48":{"start":{"line":72,"column":4},"end":{"line":null,"column":-1}},"49":{"start":{"line":74,"column":4},"end":{"line":80,"column":5}},"50":{"start":{"line":75,"column":20},"end":{"line":75,"column":8}},"51":{"start":{"line":76,"column":8},"end":{"line":null,"column":-1}},"52":{"start":{"line":78,"column":20},"end":{"line":78,"column":8}},"53":{"start":{"line":79,"column":8},"end":{"line":null,"column":-1}},"54":{"start":{"line":83,"column":4},"end":{"line":null,"column":-1}},"55":{"start":{"line":85,"column":4},"end":{"line":111,"column":5}},"56":{"start":{"line":86,"column":8},"end":{"line":102,"column":9}},"57":{"start":{"line":87,"column":27},"end":{"line":87,"column":12}},"58":{"start":{"line":88,"column":28},"end":{"line":88,"column":12}},"59":{"start":{"line":90,"column":12},"end":{"line":null,"column":-1}},"60":{"start":{"line":91,"column":12},"end":{"line":null,"column":-1}},"61":{"start":{"line":93,"column":12},"end":{"line":99,"column":13}},"62":{"start":{"line":94,"column":38},"end":{"line":94,"column":16}},"63":{"start":{"line":95,"column":16},"end":{"line":null,"column":-1}},"64":{"start":{"line":97,"column":37},"end":{"line":97,"column":15}},"65":{"start":{"line":98,"column":15},"end":{"line":null,"column":-1}},"66":{"start":{"line":101,"column":12},"end":{"line":null,"column":-1}},"67":{"start":{"line":104,"column":8},"end":{"line":110,"column":9}},"68":{"start":{"line":105,"column":34},"end":{"line":105,"column":12}},"69":{"start":{"line":106,"column":12},"end":{"line":null,"column":-1}},"70":{"start":{"line":108,"column":33},"end":{"line":108,"column":11}},"71":{"start":{"line":109,"column":11},"end":{"line":null,"column":-1}},"72":{"start":{"line":114,"column":4},"end":{"line":124,"column":5}},"73":{"start":{"line":116,"column":25},"end":{"line":116,"column":8}},"74":{"start":{"line"
[...]
mn":15062}},{"start":{"line":1,"column":15046},"end":{"line":1,"column":15062}}]},"129":{"loc":{"start":{"line":1,"column":15121},"end":{"line":1,"column":15255}},"type":"if","locations":[{"start":{"line":1,"column":15121},"end":{"line":1,"column":15255}},{"start":{"line":1,"column":15121},"end":{"line":1,"column":15255}}]},"130":{"loc":{"start":{"line":1,"column":15125},"end":{"line":1,"column":15124}},"type":"binary-expr","locations":[{"start":{"line":1,"column":15125},"end":{"line":1,"column":15124}},{"start":{"line":1,"column":15145},"end":{"line":1,"column":15125}},{"start":{"line":1,"column":15166},"end":{"line":1,"column":15124}},{"start":{"line":1,"column":15187},"end":{"line":1,"column":15124}},{"start":{"line":1,"column":15201},"end":{"line":1,"column":15121}}]},"131":{"loc":{"start":{"line":1,"column":15256},"end":{"line":1,"column":15432}},"type":"if","locations":[{"start":{"line":1,"column":15256},"end":{"line":1,"column":15432}},{"start":{"line":1,"column":15256},"end":{"line":1,"column":15432}}]},"132":{"loc":{"start":{"line":1,"column":15323},"end":{"line":1,"column":15320}},"type":"cond-expr","locations":[{"start":{"line":1,"column":15323},"end":{"line":1,"column":15320}},{"start":{"line":1,"column":15355},"end":{"line":1,"column":15317}}]},"133":{"loc":{"start":{"line":1,"column":15343},"end":{"line":1,"column":15323}},"type":"cond-expr","locations":[{"start":{"line":1,"column":15343},"end":{"line":1,"column":15323}},{"start":{"line":1,"column":15350},"end":{"line":1,"column":15320}}]},"134":{"loc":{"start":{"line":1,"column":15323},"end":{"line":1,"column":15329}},"type":"binary-expr","locations":[{"start":{"line":1,"column":15323},"end":{"line":1,"column":15329}},{"start":{"line":1,"column":15330},"end":{"line":1,"column":15323}}]},"135":{"loc":{"start":{"line":1,"column":15361},"end":{"line":1,"column":15377}},"type":"if","locations":[{"start":{"line":1,"column":15361},"end":{"line":1,"column":15377}},{"start":{"line":1,"column":15361},"end":{"line":1,"column":15377}}]},"136":{"loc":{"start":{"line":1,"column":15434},"end":{"line":1,"column":15485}},"type":"if","locations":[{"start":{"line":1,"column":15434},"end":{"line":1,"column":15485}},{"start":{"line":1,"column":15434},"end":{"line":1,"column":15485}}]},"137":{"loc":{"start":{"line":1,"column":15472},"end":{"line":1,"column":15484}},"type":"if","locations":[{"start":{"line":1,"column":15472},"end":{"line":1,"column":15484}},{"start":{"line":1,"column":15472},"end":{"line":1,"column":15484}}]}},"s":{"0":0,"1":0,"2":0,"3":0,"4":0,"5":0,"6":0,"7":0,"8":0,"9":0,"10":0,"11":0,"12":0,"13":0,"14":0,"15":0,"16":0,"17":0,"18":0,"19":0,"20":0,"21":0,"22":0,"23":0,"24":0,"25":0,"26":0,"27":0,"28":0,"29":0,"30":0,"31":0,"32":0,"33":0,"34":0,"35":0,"36":0,"37":0,"38":0,"39":0,"40":0,"41":0,"42":0,"43":0,"44":0,"45":0,"46":0,"47":0,"48":0,"49":0,"50":0,"51":0,"52":0,"53":0,"54":0,"55":0,"56":0,"57":0,"58":0,"59":0,"60":0,"61":0,"62":0,"63":0,"64":0,"65":0,"66":0,"67":0,"68":0,"69":0,"70":0,"71":0,"72":0,"73":0,"74":0,"75":0,"76":0,"77":0,"78":0,"79":0,"80":0,"81":0,"82":0,"83":0,"84":0,"85":0,"86":0,"87":0,"88":0,"89":0,"90":0,"91":0,"92":0,"93":0,"94":0,"95":0,"96":0,"97":0,"98":0,"99":0,"100":0,"101":0,"102":0,"103":0,"104":0,"105":0,"106":0,"107":0,"108":0,"109":0,"110":0,"111":0,"112":0,"113":0,"114":0,"115":0,"116":0,"117":0,"118":0,"119":0,"120":0,"121":0,"122":0,"123":0,"124":0,"125":0,"126":0,"127":0,"128":0,"129":0,"130":0,"131":0,"132":0,"133":0,"134":0,"135":0,"136":0,"137":0,"138":0,"139":0,"140":0,"141":0,"142":0,"143":0,"144":0,"145":0,"146":0,"147":0,"148":0,"149":0,"150":0,"151":0,"152":0,"153":0,"154":0,"155":0,"156":0,"157":0,"158":0,"159":0,"160":0,"161":0,"162":0,"163":0,"164":0,"165":0,"166":0,"167":0,"168":0,"169":0,"170":0,"171":0,"172":0,"173":0,"174":0,"175":0,"176":0,"177":0,"178":0,"179":0,"180":0,"181":0,"182":0,"183":0,"184":0,"185":0,"186":0,"187":0,"188":0,"189":0,"190":0,"191":0,"192":0,"193":0,"194":0,"195":0,"196":0,"197":0,"198":0,"199":0,"200":0,"201":0,"202":0,"203":0,"204":0,"205":0,"206":0,"207":0,"208":0,"209":0,"210":0,"211":0,"212":0,"213":0,"214":0,"215":0,"216":0,"217":0,"218":0,"219":0,"220":0,"221":0,"222":0,"223":0,"224":0,"225":0,"226":0,"227":0,"228":0,"229":0,"230":0,"231":0,"232":0,"233":0,"234":0,"235":0,"236":0,"237":0,"238":0,"239":0,"240":0,"241":0,"242":0,"243":0,"244":0,"245":0,"246":0,"247":0,"248":0,"249":0,"250":0,"251":0,"252":0,"253":0,"254":0,"255":0,"256":0,"257":0,"258":0,"259":0,"260":0,"261":0,"262":0,"263":0,"264":0,"265":0,"266":0,"267":0,"268":0,"269":0,"270":0,"271":0,"272":0,"273":0,"274":0,"275":0,"276":0,"277":0,"278":0,"279":0,"280":0,"281":0,"282":0,"283":0,"284":0,"285":0,"286":0,"287":0,"288":0,"289":0,"290":0,"291":0,"292":0,"293":0,"294":0,"295":0,"296":0,"297":0,"298":0,"299":0,"300":0,"301":0,"302":0,"303":0,"304":0,"305":0,"306":0,"307":0,"308":0,"309":0,"310":0,"311":0,"312":0,"313":0,"314":0,"315":0,"316":0,"317":0,"318":0,"319":0,"320":0,"321":0,"322":0,"323":0,"324":0,"325":0,"326":0,"327":0,"328":0,"329":0,"330":0,"331":0,"332":0,"333":0,"334":0,"335":0,"336":0,"337":0,"338":0,"339":0,"340":0,"341":0,"342":0,"343":0,"344":0,"345":0,"346":0,"347":0,"348":0,"349":0,"350":0,"351":0,"352":0,"353":0,"354":0,"355":0,"356":0,"357":0,"358":0,"359":0,"360":0,"361":0,"362":0,"363":0,"364":0,"365":0,"366":0,"367":0,"368":0,"369":0,"370":0,"371":0,"372":0,"373":0,"374":0,"375":0,"376":0,"377":0,"378":0,"379":0,"380":0,"381":0,"382":0,"383":0,"384":0,"385":0,"386":0,"387":0,"388":0,"389":0,"390":0,"391":0,"392":0,"393":0,"394":0,"395":0,"396":0,"397":0,"398":0,"399":0,"400":0,"401":0,"402":0,"403":0,"404":0,"405":0,"406":0,"407":0,"408":0,"409":0,"410":0,"411":0,"412":0,"413":0,"414":0,"415":0,"416":0,"417":0,"418":0,"419":0,"420":0,"421":0,"422":0,"423":0,"424":0,"425":0,"426":0,"427":0,"428":0,"429":0,"430":0,"431":0,"432":0,"433":0,"434":0,"435":0,"436":0,"437":0,"438":0,"439":0,"440":0,"441":0,"442":0,"443":0,"444":0,"445":0,"446":0,"447":0,"448":0,"449":0,"450":0,"451":0,"452":0,"453":0,"454":0,"455":0,"456":0,"457":0,"458":0,"459":0,"460":0,"461":0,"462":0,"463":0,"464":0,"465":0,"466":0,"467":0,"468":0,"469":0,"470":0,"471":0,"472":0,"473":0,"474":0,"475":0,"476":0,"477":0,"478":0,"479":0,"480":0,"481":0,"482":0,"483":0,"484":0,"485":0,"486":0,"487":0,"488":0,"489":0,"490":0,"491":0,"492":0,"493":0,"494":0,"495":0,"496":0,"497":0,"498":0,"499":0,"500":0,"501":0},"f":{"0":0,"1":0,"2":0,"3":0,"4":0,"5":0,"6":0,"7":0,"8":0,"9":0,"10":0,"11":0,"12":0,"13":0,"14":0,"15":0,"16":0,"17":0,"18":0,"19":0,"20":0,"21":0,"22":0,"23":0,"24":0,"25":0,"26":0,"27":0,"28":0},"b":{"0":[0,0],"1":[0,0],"2":[0,0],"3":[0,0],"4":[0,0],"5":[0,0],"6":[0,0],"7":[0,0],"8":[0,0],"9":[0,0],"10":[0,0],"11":[0,0,0,0],"12":[0,0],"13":[0,0],"14":[0,0],"15":[0,0],"16":[0,0],"17":[0,0],"18":[0,0],"19":[0,0],"20":[0,0],"21":[0,0],"22":[0,0],"23":[0,0],"24":[0,0],"25":[0,0],"26":[0,0],"27":[0,0],"28":[0,0],"29":[0,0],"30":[0,0],"31":[0,0],"32":[0,0],"33":[0,0],"34":[0,0],"35":[0,0],"36":[0,0],"37":[0,0],"38":[0,0],"39":[0,0],"40":[0,0],"41":[0,0],"42":[0,0],"43":[0,0],"44":[0,0],"45":[0,0],"46":[0,0],"47":[0,0],"48":[0,0],"49":[0,0,0],"50":[0,0],"51":[0,0],"52":[0,0],"53":[0,0],"54":[0,0],"55":[0,0],"56":[0,0],"57":[0,0],"58":[0,0],"59":[0,0],"60":[0,0],"61":[0,0],"62":[0,0],"63":[0,0],"64":[0,0],"65":[0,0],"66":[0,0],"67":[0,0],"68":[0,0],"69":[0,0],"70":[0,0],"71":[0,0],"72":[0,0],"73":[0,0],"74":[0,0],"75":[0,0],"76":[0,0],"77":[0,0],"78":[0,0],"79":[0,0],"80":[0,0],"81":[0,0],"82":[0,0],"83":[0,0],"84":[0,0],"85":[0,0],"86":[0,0],"87":[0,0],"88":[0,0,0],"89":[0,0],"90":[0,0],"91":[0,0],"92":[0,0],"93":[0,0],"94":[0,0],"95":[0,0],"96":[0,0],"97":[0,0],"98":[0,0],"99":[0,0],"100":[0,0],"101":[0,0],"102":[0,0],"103":[0,0],"104":[0,0],"105":[0,0],"106":[0,0],"107":[0,0],"108":[0,0],"109":[0,0],"110":[0,0],"111":[0,0],"112":[0,0],"113":[0,0],"114":[0,0],"115":[0,0],"116":[0,0],"117":[0,0],"118":[0,0],"119":[0,0],"120":[0,0],"121":[0,0],"122":[0,0],"123":[0,0],"124":[0,0],"125":[0,0],"126":[0,0],"127":[0,0,0],"128":[0,0],"129":[0,0],"130":[0,0,0,0,0],"131":[0,0],"132":[0,0],"133":[0,0],"134":[0,0],"135":[0,0],"136":[0,0],"137":[0,0]}}
,"/Users/alocke/Desktop/blix/tests/coverage/lcov-report/sorter.js": {"path":"/Users/alocke/Desktop/blix/tests/coverage/lcov-report/sorter.js","statementMap":{"0":{"start":{"line":1,"column":18},"end":{"line":1,"column":0}},"1":{"start":{"line":4,"column":22},"end":{"line":3,"column":4}},"2":{"start":{"line":10,"column":26},"end":{"line":null,"column":-1}},"3":{"start":{"line":12,"column":32},"end":{"line":null,"column":-1}},"4":{"start":{"line":14,"column":30},"end":{"line":null,"column":-1}},"5":{"start":{"line":16,"column":31},"end":{"line":null,"column":-1}},"6":{"start":{"line":20,"column":23},"end":{"line":20,"column":8}},"7":{"start":{"line":22,"column":19},"end":{"line":20,"column":8}},"8":{"start":{"line":26,"column":8},"end":{"line":38,"column":9}},"9":{"start":{"line":27,"column":12},"end":{"line":null,"column":-1}},"10":{"start":{"line":28,"column":12},"end":{"line":null,"column":-1}},"11":{"start":{"line":33,"column":12},"end":{"line":null,"column":-1}},"12":{"start":{"line":34,"column":12},"end":{"line":37,"column":13}},"13":{"start":{"line":35,"column":16},"end":{"line":null,"column":-1}},"14":{"start":{"line":36,"column":16},"end":{"line":null,"column":-1}},"15":{"start":{"line":39,"column":8},"end":{"line":null,"column":-1}},"16":{"start":{"line":44,"column":24},"end":{"line":44,"column":8}},"17":{"start":{"line":47,"column":19},"end":{"line":44,"column":8}},"18":{"start":{"line":50,"column":8},"end":{"line":58,"column":9}},"19":{"start":{"line":51,"column":12},"end":{"line":null,"column":-1}},"20":{"start":{"line":52,"column":12},"end":{"line":null,"column":-1}},"21":{"start":{"line":53,"column":12},"end":{"line":null,"column":-1}},"22":{"start":{"line":54,"column":12},"end":{"line":56,"column":13}},"23":{"start":{"line":55,"column":16},"end":{"line":null,"column":-1}},"24":{"start":{"line":57,"column":12},"end":{"line":null,"column":-1}},"25":{"start":{"line":59,"column":8},"end":{"line":null,"column":-1}},"26":{"start":{"line":63,"column":19},"end":{"line":63,"column":8}},"27":{"start":{"line":66,"column":8},"end":{"line":68,"column":9}},"28":{"start":{"line":67,"column":12},"end":{"line":null,"column":-1}},"29":{"start":{"line":72,"column":18},"end":{"line":72,"column":8}},"30":{"start":{"line":73,"column":21},"end":{"line":72,"column":8}},"31":{"start":{"line":74,"column":16},"end":{"line":null,"column":-1}},"32":{"start":{"line":75,"column":16},"end":{"line":null,"column":-1}},"33":{"start":{"line":76,"column":16},"end":{"line":null,"column":-1}},"34":{"start":{"line":78,"column":26},"end":{"line":72,"column":8}},"35":{"start":{"line":79,"column":24},"end":{"line":72,"column":8}},"36":{"start":{"line":80,"column":23},"end":{"line":72,"column":8}},"37":{"start":{"line":81,"column":19},"end":{"line":72,"column":8}},"38":{"start":{"line":84,"column":8},"end":{"line":88,"column":9}},"39":{"start":{"line":85,"column":12},"end":{"line":null,"column":-1}},"40":{"start":{"line":86,"column":16},"end":{"line":null,"column":-1}},"41":{"start":{"line":90,"column":8},"end":{"line":93,"column":9}},"42":{"start":{"line":91,"column":12},"end":{"line":null,"column":-1}},"43":{"start":{"line":92,"column":12},"end":{"line":null,"column":-1}},"44":{"start":{"line":95,"column":8},"end":{"line":null,"column":-1}},"45":{"start":{"line":97,"column":8},"end":{"line":99,"column":9}},"46":{"start":{"line":98,"column":12},"end":{"line":null,"column":-1}},"47":{"start":{"line":103,"column":18},"end":{"line":103,"column":8}},"48":{"start":{"line":104,"column":18},"end":{"line":103,"column":8}},"49":{"start":{"line":106,"column":8},"end":{"line":null,"column":-1}},"50":{"start":{"line":107,"column":8},"end":{"line":null,"column":-1}},"51":{"start":{"line":111,"column":8},"end":{"line":null,"column":-1}},"52":{"start":{"line":117,"column":24},"end":{"line":115,"column":8}},"53":{"start":{"line":118,"column":26},"end":{"line":118,"column":16}},"54":{"start":{"line":120,"column":16},"end":{"line":null,"column":-1}},"55":{"start":{"line":121,"column":31},"end":{"line":121,"column":20}},"56":{"start":{"line":123,"column":20},"end":{"line":125,"column":21}},"57":{"start":{"line":124,"column":24},"end":{"line":null,"column":-1}},"58":{"start":{"line":126,"column":20},"end":{"line":null,"column":-1}},"59":{"start":{"line":127,"column":20},"end":{"line":null,"column":-1}},"60":{"start":{"line":128,"column":20},"end":{"line":null,"column":-1}},"61":{"start":{"line":129,"column":20},"end":{"line":null,"column":-1}},"62":{"start":{"line":130,"column":20},"end":{"line":null,"column":-1}},"63":{"start":{"line":133,"column":8},"end":{"line":144,"column":9}},"64":{"start":{"line":134,"column":12},"end":{"line":143,"column":13}},"65":{"start":{"line":137,"column":16},"end":{"line":null,"column":-1}},"66":{"start":{"line":138,"column":16},"end":{"line":142,"column":17}},"67":{"start":{"line":139,"column":20},"end":{"line":null,"column":-1}},"68":{"start":{"line":141,"column":20},"end":{"line":null,"column":-1}},"69":{"start":{"line":147,"column":4},"end":{"line":null,"column":-1}},"70":{"start":{"line":148,"column":8},"end":{"line":150,"column":9}},"71":{"start":{"line":149,"column":12},"end":{"line":null,"column":-1}},"72":{"start":{"line":151,"column":8},"end":{"line":null,"column":-1}},"73":{"start":{"line":152,"column":8},"end":{"line":null,"column":-1}},"74":{"start":{"line":153,"column":8},"end":{"line":null,"column":-1}},"75":{"start":{"line":154,"column":8},"end":{"line":null,"column":-1}},"76":{"start":{"line":158,"column":0},"end":{"line":null,"column":-1}}},"fnMap":{"0":{"name":"(anonymous_0)","decl":{"start":{"line":1,"column":18},"end":{"line":1,"column":29}},"loc":{"start":{"line":1,"column":30},"end":{"line":1,"column":17}}},"1":{"name":"getTable","decl":{"start":{"line":10,"column":13},"end":{"line":10,"column":4}},"loc":{"start":{"line":10,"column":24},"end":{"line":10,"column":79}}},"2":{"name":"getTableHeader","decl":{"start":{"line":12,"column":13},"end":{"line":12,"column":4}},"loc":{"start":{"line":12,"column":30},"end":{"line":12,"column":78}}},"3":{"name":"getTableBody","decl":{"start":{"line":14,"column":13},"end":{"line":14,"column":4}},"loc":{"start":{"line":14,"column":28},"end":{"line":14,"column":73}}},"4":{"name":"getNthColumn","decl":{"start":{"line":16,"column":13},"end":{"line":16,"column":4}},"loc":{"start":{"line":16,"column":29},"end":{"line":16,"column":83}}},"5":{"name":"loadColumns","decl":{"start":{"line":19,"column":13},"end":{"line":19,"column":4}},"loc":{"start":{"line":19,"column":27},"end":{"line":40,"column":5}}},"6":{"name":"loadRowData","decl":{"start":{"line":43,"column":13},"end":{"line":43,"column":4}},"loc":{"start":{"line":43,"column":35},"end":{"line":60,"column":5}}},"7":{"name":"loadData","decl":{"start":{"line":62,"column":13},"end":{"line":62,"column":4}},"loc":{"start":{"line":62,"column":24},"end":{"line":69,"column":5}}},"8":{"name":"sortByIndex","decl":{"start":{"line":71,"column":13},"end":{"line":71,"column":4}},"loc":{"start":{"line":71,"column":38},"end":{"line":100,"column":5}}},"9":{"name":"(anonymous_9)","decl":{"start":{"line":73,"column":21},"end":{"line":73,"column":30}},"loc":{"start":{"line":73,"column":37},"end":{"line":72,"column":8}}},"10":{"name":"(anonymous_10)","decl":{"start":{"line":85,"column":26},"end":{"line":85,"column":35}},"loc":{"start":{"line":85,"column":42},"end":{"line":85,"column":12}}},"11":{"name":"removeSortIndicators","decl":{"start":{"line":102,"column":13},"end":{"line":102,"column":4}},"loc":{"start":{"line":102,"column":36},"end":{"line":108,"column":5}}},"12":{"name":"addSortIndicators","decl":{"start":{"line":110,"column":13},"end":{"line":110,"column":4}},"loc":{"start":{"line":110,"column":33},"end":{"line":112,"column":5}}},"13":{"name":"enableUI","decl":{"start":{"line":114,"column":13},"end":{"line":114,"column":4}},"loc":{"start":{"line":114,"column":24},"end":{"line":145,"column":5}}},"14":{"name":"ithSorter","decl":{"start":{"line":117,"column":33},"end":{"line":117,"column":24}},"loc":{"start":{"line":117,"column":46},"end":{"line":115,"column":8}}},"15":{"name":"(anonymous_15)","decl":{"start":{"line":120,"column":23},"end":{"line":120,"column":34}},"loc":{"start":{"line":120,"column":35},"end":{"line":120,"column":16}}},"16":{"name":"(anonymous_16)","decl":{"start":{"line":147,"column":11},"end":{"line":147,"column":22}},"loc":{"start":{"line":147,"column":23},"end":{"line":147,"column":4}}}},"branchMap":{"0":{"loc":{"start":{"line":31,"column":22},"end":{"line":31,"column":58}},"type":"binary-expr","locations":[{"start":{"line":31,"column":22},"end":{"line":31,"column":58}},{"start":{"line":31,"column":59},"end":{"line":null,"column":-1}}]},"1":{"loc":{"start":{"line":34,"column":12},"end":{"line":37,"column":13}},"type":"if","locations":[{"start":{"line":34,"column":12},"end":{"line":37,"column":13}},{"start":{"line":34,"column":12},"end":{"line":37,"column":13}}]},"2":{"loc":{"start":{"line":54,"column":12},"end":{"line":56,"column":13}},"type":"if","locations":[{"start":{"line":54,"column":12},"end":{"line":56,"column":13}},{"start":{"line":54,"column":12},"end":{"line":56,"column":13}}]},"3":{"loc":{"start":{"line":76,"column":31},"end":{"line":76,"column":23}},"type":"cond-expr","locations":[{"start":{"line":76,"column":31},"end":{"line":76,"column":23}},{"start":{"line":76,"column":36},"end":{"line":76,"column":16}}]},"4":{"loc":{"start":{"line":76,"column":44},"end":{"line":76,"column":36}},"type":"cond-expr","locations":[{"start":{"line":76,"column":44},"end":{"line":76,"column":36}},{"start":{"line":76,"column":48},"end":{"line":76,"column":16}}]},"5":{"loc":{"start":{"line":84,"column":8},"end":{"line":88,"column":9}},"type":"if","locations":[{"start":{"line":84,"column":8},"end":{"line":88,"column":9}},{"start":{"line":84,"column":8},"end":{"line":88,"column":9}}]},"6":{"loc":{"start":{"line":111,"column":72},"end":{"line":111,"column":53}},"type":"cond-expr","locations":[{"start":{"line":111,"column":72},"end":{"line":111,"column":53}},{"start":{"line":111,"column":89},"end":{"line":111,"column":8}}]},"7":{"loc":{"start":{"line":123,"column":20},"end":{"line":125,"column":21}},"type":"if","locations":[{"start":{"line":123,"column":20},"end":{"line":125,"column":21}},{"start":{"line":123,"column":20},"end":{"line":125,"column":21}}]},"8":{"loc":{"start":{"line":134,"column":12},"end":{"line":143,"column":13}},"type":"if","locations":[{"start":{"line":134,"column":12},"end":{"line":143,"column":13}},{"start":{"line":134,"column":12},"end":{"line":143,"column":13}}]},"9":{"loc":{"start":{"line":138,"column":16},"end":{"line":142,"column":17}},"type":"if","locations":[{"start":{"line":138,"column":16},"end":{"line":142,"column":17}},{"start":{"line":138,"column":16},"end":{"line":142,"column":17}}]},"10":{"loc":{"start":{"line":148,"column":8},"end":{"line":150,"column":9}},"type":"if","locations":[{"start":{"line":148,"column":8},"end":{"line":150,"column":9}},{"start":{"line":148,"column":8},"end":{"line":150,"column":9}}]}},"s":{"0":0,"1":0,"2":0,"3":0,"4":0,"5":0,"6":0,"7":0,"8":0,"9":0,"10":0,"11":0,"12":0,"13":0,"14":0,"15":0,"16":0,"17":0,"18":0,"19":0,"20":0,"21":0,"22":0,"23":0,"24":0,"25":0,"26":0,"27":0,"28":0,"29":0,"30":0,"31":0,"32":0,"33":0,"34":0,"35":0,"36":0,"37":0,"38":0,"39":0,"40":0,"41":0,"42":0,"43":0,"44":0,"45":0,"46":0,"47":0,"48":0,"49":0,"50":0,"51":0,"52":0,"53":0,"54":0,"55":0,"56":0,"57":0,"58":0,"59":0,"60":0,"61":0,"62":0,"63":0,"64":0,"65":0,"66":0,"67":0,"68":0,"69":0,"70":0,"71":0,"72":0,"73":0,"74":0,"75":0,"76":0},"f":{"0":0,"1":0,"2":0,"3":0,"4":0,"5":0,"6":0,"7":0,"8":0,"9":0,"10":0,"11":0,"12":0,"13":0,"14":0,"15":0,"16":0},"b":{"0":[0,0],"1":[0,0],"2":[0,0],"3":[0,0],"4":[0,0],"5":[0,0],"6":[0,0],"7":[0,0],"8":[0,0],"9":[0,0],"10":[0,0]}}
}
