{"/Users/devonbull/personal/blix/helpers.js": {"path":"/Users/devonbull/personal/blix/helpers.js","statementMap":{"0":{"start":{"line":1,"column":11},"end":{"line":1,"column":24}},"1":{"start":{"line":2,"column":17},"end":{"line":2,"column":50}},"2":{"start":{"line":3,"column":13},"end":{"line":3,"column":28}},"3":{"start":{"line":4,"column":12},"end":{"line":4,"column":23}},"4":{"start":{"line":5,"column":14},"end":{"line":5,"column":30}},"5":{"start":{"line":6,"column":14},"end":{"line":6,"column":36}},"6":{"start":{"line":7,"column":17},"end":{"line":7,"column":36}},"7":{"start":{"line":8,"column":17},"end":{"line":8,"column":32}},"8":{"start":{"line":10,"column":19},"end":{"line":21,"column":1}},"9":{"start":{"line":11,"column":2},"end":{"line":14,"column":3}},"10":{"start":{"line":12,"column":4},"end":{"line":12,"column":34}},"11":{"start":{"line":13,"column":4},"end":{"line":13,"column":15}},"12":{"start":{"line":15,"column":2},"end":{"line":20,"column":3}},"13":{"start":{"line":16,"column":4},"end":{"line":16,"column":55}},"14":{"start":{"line":17,"column":4},"end":{"line":17,"column":16}},"15":{"start":{"line":19,"column":4},"end":{"line":19,"column":17}},"16":{"start":{"line":23,"column":19},"end":{"line":27,"column":1}},"17":{"start":{"line":29,"column":30},"end":{"line":34,"column":1}},"18":{"start":{"line":30,"column":2},"end":{"line":33,"column":3}},"19":{"start":{"line":31,"column":21},"end":{"line":31,"column":47}},"20":{"start":{"line":32,"column":4},"end":{"line":32,"column":35}},"21":{"start":{"line":36,"column":0},"end":{"line":36,"column":53}},"22":{"start":{"line":38,"column":28},"end":{"line":58,"column":1}},"23":{"start":{"line":39,"column":2},"end":{"line":39,"column":31}},"24":{"start":{"line":40,"column":2},"end":{"line":57,"column":3}},"25":{"start":{"line":41,"column":4},"end":{"line":41,"column":30}},"26":{"start":{"line":42,"column":4},"end":{"line":46,"column":5}},"27":{"start":{"line":43,"column":6},"end":{"line":43,"column":55}},"28":{"start":{"line":45,"column":6},"end":{"line":45,"column":66}},"29":{"start":{"line":47,"column":4},"end":{"line":47,"column":24}},"30":{"start":{"line":48,"column":4},"end":{"line":48,"column":10}},"31":{"start":{"line":50,"column":4},"end":{"line":50,"column":24}},"32":{"start":{"line":51,"column":4},"end":{"line":55,"column":5}},"33":{"start":{"line":52,"column":6},"end":{"line":52,"column":24}},"34":{"start":{"line":54,"column":6},"end":{"line":54,"column":65}},"35":{"start":{"line":56,"column":4},"end":{"line":56,"column":10}},"36":{"start":{"line":60,"column":0},"end":{"line":60,"column":49}},"37":{"start":{"line":62,"column":31},"end":{"line":82,"column":1}},"38":{"start":{"line":63,"column":2},"end":{"line":63,"column":31}},"39":{"start":{"line":64,"column":2},"end":{"line":81,"column":3}},"40":{"start":{"line":65,"column":4},"end":{"line":65,"column":30}},"41":{"start":{"line":66,"column":4},"end":{"line":70,"column":5}},"42":{"start":{"line":67,"column":6},"end":{"line":67,"column":61}},"43":{"start":{"line":69,"column":6},"end":{"line":69,"column":69}},"44":{"start":{"line":71,"column":4},"end":{"line":71,"column":24}},"45":{"start":{"line":72,"column":4},"end":{"line":72,"column":10}},"46":{"start":{"line":74,"column":4},"end":{"line":74,"column":24}},"47":{"start":{"line":75,"column":4},"end":{"line":79,"column":5}},"48":{"start":{"line":76,"column":6},"end":{"line":76,"column":24}},"49":{"start":{"line":78,"column":6},"end":{"line":78,"column":65}},"50":{"start":{"line":80,"column":4},"end":{"line":80,"column":10}},"51":{"start":{"line":84,"column":0},"end":{"line":84,"column":55}},"52":{"start":{"line":86,"column":26},"end":{"line":103,"column":1}},"53":{"start":{"line":87,"column":2},"end":{"line":87,"column":31}},"54":{"start":{"line":88,"column":2},"end":{"line":102,"column":3}},"55":{"start":{"line":89,"column":4},"end":{"line":89,"column":30}},"56":{"start":{"line":90,"column":4},"end":{"line":94,"column":5}},"57":{"start":{"line":91,"column":6},"end":{"line":91,"column":60}},"58":{"start":{"line":93,"column":6},"end":{"line":93,"column":57}},"59":{"start":{"line":95,"column":4},"end":{"line":95,"column":52}},"60":{"start":{"line":96,"column":4},"end":{"line":96,"column":24}},"61":{"start":{"line":97,"column":4},"end":{"line":97,"column":10}},"62":{"start":{"line":99,"column":4},"end":{"line":99,"column":136}},"63":{"start":{"line":100,"column":4},"end":{"line":100,"column":24}},"64":{"start":{"line":101,"column":4},"end":{"line":101,"column":10}},"65":{"start":{"line":105,"column":0},"end":{"line":105,"column":45}},"66":{"start":{"line":107,"column":0},"end":{"line":118,"column":2}},"67":{"start":{"line":108,"column":2},"end":{"line":117,"column":3}},"68":{"start":{"line":109,"column":17},"end":{"line":109,"column":48}},"69":{"start":{"line":110,"column":15},"end":{"line":110,"column":33}},"70":{"start":{"line":111,"column":4},"end":{"line":111,"column":35}},"71":{"start":{"line":112,"column":21},"end":{"line":112,"column":50}},"72":{"start":{"line":113,"column":4},"end":{"line":113,"column":49}},"73":{"start":{"line":114,"column":4},"end":{"line":114,"column":65}},"74":{"start":{"line":116,"column":4},"end":{"line":116,"column":64}},"75":{"start":{"line":120,"column":0},"end":{"line":130,"column":2}},"76":{"start":{"line":121,"column":16},"end":{"line":121,"column":526}},"77":{"start":{"line":122,"column":2},"end":{"line":127,"column":3}},"78":{"start":{"line":123,"column":4},"end":{"line":123,"column":47}},"79":{"start":{"line":124,"column":4},"end":{"line":124,"column":53}},"80":{"start":{"line":126,"column":4},"end":{"line":126,"column":52}},"81":{"start":{"line":128,"column":2},"end":{"line":128,"column":33}},"82":{"start":{"line":129,"column":2},"end":{"line":129,"column":44}},"83":{"start":{"line":132,"column":0},"end":{"line":138,"column":2}},"84":{"start":{"line":133,"column":15},"end":{"line":133,"column":56}},"85":{"start":{"line":134,"column":13},"end":{"line":134,"column":31}},"86":{"start":{"line":135,"column":2},"end":{"line":135,"column":33}},"87":{"start":{"line":136,"column":19},"end":{"line":136,"column":48}},"88":{"start":{"line":137,"column":2},"end":{"line":137,"column":57}},"89":{"start":{"line":140,"column":0},"end":{"line":154,"column":1}},"90":{"start":{"line":141,"column":2},"end":{"line":153,"column":3}},"91":{"start":{"line":142,"column":22},"end":{"line":142,"column":39}},"92":{"start":{"line":144,"column":4},"end":{"line":150,"column":5}},"93":{"start":{"line":145,"column":8},"end":{"line":145,"column":40}},"94":{"start":{"line":146,"column":8},"end":{"line":146,"column":76}},"95":{"start":{"line":148,"column":6},"end":{"line":148,"column":38}},"96":{"start":{"line":149,"column":6},"end":{"line":149,"column":73}},"97":{"start":{"line":152,"column":4},"end":{"line":152,"column":46}},"98":{"start":{"line":156,"column":0},"end":{"line":164,"column":1}},"99":{"start":{"line":157,"column":2},"end":{"line":163,"column":3}},"100":{"start":{"line":158,"column":4},"end":{"line":158,"column":28}},"101":{"start":{"line":159,"column":4},"end":{"line":159,"column":36}},"102":{"start":{"line":160,"column":4},"end":{"line":160,"column":69}},"103":{"start":{"line":162,"column":4},"end":{"line":162,"column":61}},"104":{"start":{"line":166,"column":0},"end":{"line":175,"column":2}},"105":{"start":{"line":167,"column":2},"end":{"line":174,"column":3}},"106":{"start":{"line":168,"column":4},"end":{"line":168,"column":35}},"107":{"start":{"line":169,"column":4},"end":{"line":169,"column":30}},"108":{"start":{"line":170,"column":4},"end":{"line":170,"column":30}},"109":{"start":{"line":171,"column":4},"end":{"line":171,"column":58}},"110":{"start":{"line":173,"column":4},"end":{"line":173,"column":50}},"111":{"start":{"line":177,"column":0},"end":{"line":183,"column":2}},"112":{"start":{"line":178,"column":17},"end":{"line":178,"column":58}},"113":{"start":{"line":179,"column":15},"end":{"line":179,"column":33}},"114":{"start":{"line":180,"column":2},"end":{"line":180,"column":20}},"115":{"start":{"line":181,"column":25},"end":{"line":181,"column":54}},"116":{"start":{"line":182,"column":2},"end":{"line":182,"column":61}},"117":{"start":{"line":185,"column":45},"end":{"line":199,"column":1}},"118":{"start":{"line":186,"column":2},"end":{"line":186,"column":31}},"119":{"start":{"line":187,"column":2},"end":{"line":187,"column":36}},"120":{"start":{"line":188,"column":2},"end":{"line":198,"column":3}},"121":{"start":{"line":189,"column":4},"end":{"line":193,"column":5}},"122":{"start":{"line":190,"column":6},"end":{"line":190,"column":60}},"123":{"start":{"line":192,"column":6},"end":{"line":192,"column":70}},"124":{"start":{"line":194,"column":4},"end":{"line":194,"column":10}},"125":{"start":{"line":196,"column":4},"end":{"line":196,"column":61}},"126":{"start":{"line":197,"column":4},"end":{"line":197,"column":10}},"127":{"start":{"line":201,"column":0},"end":{"line":201,"column":83}},"128":{"start":{"line":204,"column":48},"end":{"line":218,"column":1}},"129":{"start":{"line":205,"column":2},"end":{"line":205,"column":36}},"130":{"start":{"line":206,"column":2},"end":{"line":206,"column":31}},"131":{"start":{"line":207,"column":2},"end":{"line":217,"column":3}},"132":{"start":{"line":208,"column":4},"end":{"line":212,"column":5}},"133":{"start":{"line":209,"column":6},"end":{"line":209,"column":66}},"134":{"start":{"line":211,"column":6},"end":{"line":211,"column":74}},"135":{"start":{"line":213,"column":4},"end":{"line":213,"column":10}},"136":{"start":{"line":215,"column":4},"end":{"line":215,"column":61}},"137":{"start":{"line":216,"column":4},"end":{"line":216,"column":10}},"138":{"start":{"line":220,"column":0},"end":{"line":220,"column":89}},"139":{"start":{"line":223,"column":0},"end":{"line":230,"column":1}},"140":{"start":{"line":224,"column":2},"end":{"line":229,"column":3}},"141":{"start":{"line":225,"column":4},"end":{"line":225,"column":31}},"142":{"start":{"line":226,"column":4},"end":{"line":226,"column":41}},"143":{"start":{"line":227,"column":9},"end":{"line":229,"column":3}},"144":{"start":{"line":228,"column":4},"end":{"line":228,"column":41}},"145":{"start":{"line":232,"column":0},"end":{"line":237,"column":1}},"146":{"start":{"line":233,"column":13},"end":{"line":233,"column":26}},"147":{"start":{"line":234,"column":2},"end":{"line":234,"column":24}},"148":{"start":{"line":235,"column":2},"end":{"line":235,"column":19}},"149":{"start":{"line":236,"column":2},"end":{"line":236,"column":13}},"150":{"start":{"line":239,"column":0},"end":{"line":249,"column":1}},"151":{"start":{"line":240,"column":16},"end":{"line":240,"column":525}},"152":{"start":{"line":241,"column":2},"end":{"line":246,"column":3}},"153":{"start":{"line":242,"column":4},"end":{"line":242,"column":39}},"154":{"start":{"line":243,"column":4},"end":{"line":243,"column":45}},"155":{"start":{"line":245,"column":4},"end":{"line":245,"column":44}},"156":{"start":{"line":247,"column":2},"end":{"line":247,"column":24}},"157":{"start":{"line":248,"column":2},"end":{"line":248,"column":35}},"158":{"start":{"line":251,"column":0},"end":{"line":258,"column":1}},"159":{"start":{"line":252,"column":2},"end":{"line":257,"column":3}},"160":{"start":{"line":253,"column":4},"end":{"line":253,"column":43}},"161":{"start":{"line":254,"column":4},"end":{"line":254,"column":37}},"162":{"start":{"line":256,"column":4},"end":{"line":256,"column":85}},"163":{"start":{"line":260,"column":0},"end":{"line":268,"column":1}},"164":{"start":{"line":261,"column":2},"end":{"line":267,"column":3}},"165":{"start":{"line":262,"column":17},"end":{"line":262,"column":50}},"166":{"start":{"line":263,"column":22},"end":{"line":263,"column":40}},"167":{"start":{"line":264,"column":4},"end":{"line":264,"column":47}},"168":{"start":{"line":266,"column":4},"end":{"line":266,"column":16}},"169":{"start":{"line":270,"column":0},"end":{"line":281,"column":1}},"170":{"start":{"line":271,"column":2},"end":{"line":280,"column":4}},"171":{"start":{"line":272,"column":4},"end":{"line":274,"column":5}},"172":{"start":{"line":273,"column":6},"end":{"line":273,"column":12}},"173":{"start":{"line":275,"column":4},"end":{"line":279,"column":5}},"174":{"start":{"line":276,"column":6},"end":{"line":276,"column":69}},"175":{"start":{"line":278,"column":6},"end":{"line":278,"column":105}},"176":{"start":{"line":283,"column":0},"end":{"line":289,"column":1}},"177":{"start":{"line":284,"column":2},"end":{"line":288,"column":3}},"178":{"start":{"line":285,"column":4},"end":{"line":285,"column":29}},"179":{"start":{"line":287,"column":4},"end":{"line":287,"column":36}},"180":{"start":{"line":291,"column":0},"end":{"line":297,"column":1}},"181":{"start":{"line":292,"column":2},"end":{"line":296,"column":3}},"182":{"start":{"line":293,"column":4},"end":{"line":293,"column":32}},"183":{"start":{"line":295,"column":4},"end":{"line":295,"column":39}},"184":{"start":{"line":299,"column":27},"end":{"line":308,"column":1}},"185":{"start":{"line":300,"column":2},"end":{"line":302,"column":3}},"186":{"start":{"line":301,"column":4},"end":{"line":301,"column":54}},"187":{"start":{"line":304,"column":2},"end":{"line":306,"column":3}},"188":{"start":{"line":305,"column":4},"end":{"line":305,"column":60}},"189":{"start":{"line":310,"column":0},"end":{"line":310,"column":47}},"190":{"start":{"line":312,"column":44},"end":{"line":320,"column":1}},"191":{"start":{"line":313,"column":2},"end":{"line":315,"column":3}},"192":{"start":{"line":314,"column":4},"end":{"line":314,"column":71}},"193":{"start":{"line":317,"column":2},"end":{"line":319,"column":3}},"194":{"start":{"line":318,"column":4},"end":{"line":318,"column":77}},"195":{"start":{"line":322,"column":0},"end":{"line":322,"column":81}},"196":{"start":{"line":326,"column":33},"end":{"line":332,"column":1}},"197":{"start":{"line":327,"column":2},"end":{"line":331,"column":3}},"198":{"start":{"line":328,"column":4},"end":{"line":328,"column":71}},"199":{"start":{"line":329,"column":4},"end":{"line":329,"column":66}},"200":{"start":{"line":330,"column":4},"end":{"line":330,"column":10}}},"fnMap":{"0":{"name":"(anonymous_0)","decl":{"start":{"line":10,"column":19},"end":{"line":10,"column":20}},"loc":{"start":{"line":10,"column":25},"end":{"line":21,"column":1}},"line":10},"1":{"name":"(anonymous_1)","decl":{"start":{"line":29,"column":30},"end":{"line":29,"column":31}},"loc":{"start":{"line":29,"column":42},"end":{"line":34,"column":1}},"line":29},"2":{"name":"(anonymous_2)","decl":{"start":{"line":38,"column":28},"end":{"line":38,"column":29}},"loc":{"start":{"line":38,"column":46},"end":{"line":58,"column":1}},"line":38},"3":{"name":"(anonymous_3)","decl":{"start":{"line":62,"column":31},"end":{"line":62,"column":32}},"loc":{"start":{"line":62,"column":49},"end":{"line":82,"column":1}},"line":62},"4":{"name":"(anonymous_4)","decl":{"start":{"line":86,"column":26},"end":{"line":86,"column":27}},"loc":{"start":{"line":86,"column":38},"end":{"line":103,"column":1}},"line":86},"5":{"name":"(anonymous_5)","decl":{"start":{"line":107,"column":20},"end":{"line":107,"column":21}},"loc":{"start":{"line":107,"column":41},"end":{"line":118,"column":1}},"line":107},"6":{"name":"(anonymous_6)","decl":{"start":{"line":120,"column":21},"end":{"line":120,"column":22}},"loc":{"start":{"line":120,"column":27},"end":{"line":130,"column":1}},"line":120},"7":{"name":"(anonymous_7)","decl":{"start":{"line":132,"column":36},"end":{"line":132,"column":37}},"loc":{"start":{"line":132,"column":57},"end":{"line":138,"column":1}},"line":132},"8":{"name":"(anonymous_8)","decl":{"start":{"line":140,"column":20},"end":{"line":140,"column":21}},"loc":{"start":{"line":140,"column":49},"end":{"line":154,"column":1}},"line":140},"9":{"name":"(anonymous_9)","decl":{"start":{"line":156,"column":20},"end":{"line":156,"column":21}},"loc":{"start":{"line":156,"column":45},"end":{"line":164,"column":1}},"line":156},"10":{"name":"(anonymous_10)","decl":{"start":{"line":166,"column":17},"end":{"line":166,"column":18}},"loc":{"start":{"line":166,"column":39},"end":{"line":175,"column":1}},"line":166},"11":{"name":"(anonymous_11)","decl":{"start":{"line":177,"column":30},"end":{"line":177,"column":31}},"loc":{"start":{"line":177,"column":46},"end":{"line":183,"column":1}},"line":177},"12":{"name":"(anonymous_12)","decl":{"start":{"line":185,"column":45},"end":{"line":185,"column":46}},"loc":{"start":{"line":185,"column":63},"end":{"line":199,"column":1}},"line":185},"13":{"name":"(anonymous_13)","decl":{"start":{"line":204,"column":48},"end":{"line":204,"column":49}},"loc":{"start":{"line":204,"column":66},"end":{"line":218,"column":1}},"line":204},"14":{"name":"(anonymous_14)","decl":{"start":{"line":223,"column":34},"end":{"line":223,"column":35}},"loc":{"start":{"line":223,"column":40},"end":{"line":230,"column":1}},"line":223},"15":{"name":"(anonymous_15)","decl":{"start":{"line":232,"column":21},"end":{"line":232,"column":22}},"loc":{"start":{"line":232,"column":27},"end":{"line":237,"column":1}},"line":232},"16":{"name":"(anonymous_16)","decl":{"start":{"line":239,"column":36},"end":{"line":239,"column":37}},"loc":{"start":{"line":239,"column":45},"end":{"line":249,"column":1}},"line":239},"17":{"name":"(anonymous_17)","decl":{"start":{"line":251,"column":21},"end":{"line":251,"column":22}},"loc":{"start":{"line":251,"column":47},"end":{"line":258,"column":1}},"line":251},"18":{"name":"(anonymous_18)","decl":{"start":{"line":260,"column":31},"end":{"line":260,"column":32}},"loc":{"start":{"line":260,"column":47},"end":{"line":268,"column":1}},"line":260},"19":{"name":"(anonymous_19)","decl":{"start":{"line":270,"column":28},"end":{"line":270,"column":29}},"loc":{"start":{"line":270,"column":58},"end":{"line":281,"column":1}},"line":270},"20":{"name":"(anonymous_20)","decl":{"start":{"line":271,"column":38},"end":{"line":271,"column":39}},"loc":{"start":{"line":271,"column":46},"end":{"line":280,"column":3}},"line":271},"21":{"name":"(anonymous_21)","decl":{"start":{"line":283,"column":33},"end":{"line":283,"column":34}},"loc":{"start":{"line":283,"column":41},"end":{"line":289,"column":1}},"line":283},"22":{"name":"(anonymous_22)","decl":{"start":{"line":291,"column":36},"end":{"line":291,"column":37}},"loc":{"start":{"line":291,"column":44},"end":{"line":297,"column":1}},"line":291},"23":{"name":"(anonymous_23)","decl":{"start":{"line":299,"column":27},"end":{"line":299,"column":28}},"loc":{"start":{"line":299,"column":39},"end":{"line":308,"column":1}},"line":299},"24":{"name":"(anonymous_24)","decl":{"start":{"line":312,"column":44},"end":{"line":312,"column":45}},"loc":{"start":{"line":312,"column":56},"end":{"line":320,"column":1}},"line":312},"25":{"name":"(anonymous_25)","decl":{"start":{"line":326,"column":33},"end":{"line":326,"column":34}},"loc":{"start":{"line":326,"column":45},"end":{"line":332,"column":1}},"line":326}},"branchMap":{"0":{"loc":{"start":{"line":11,"column":2},"end":{"line":14,"column":3}},"type":"if","locations":[{"start":{"line":11,"column":2},"end":{"line":14,"column":3}},{"start":{"line":11,"column":2},"end":{"line":14,"column":3}}],"line":11},"1":{"loc":{"start":{"line":30,"column":2},"end":{"line":33,"column":3}},"type":"if","locations":[{"start":{"line":30,"column":2},"end":{"line":33,"column":3}},{"start":{"line":30,"column":2},"end":{"line":33,"column":3}}],"line":30},"2":{"loc":{"start":{"line":30,"column":6},"end":{"line":30,"column":42}},"type":"binary-expr","locations":[{"start":{"line":30,"column":6},"end":{"line":30,"column":18}},{"start":{"line":30,"column":22},"end":{"line":30,"column":42}}],"line":30},"3":{"loc":{"start":{"line":42,"column":4},"end":{"line":46,"column":5}},"type":"if","locations":[{"start":{"line":42,"column":4},"end":{"line":46,"column":5}},{"start":{"line":42,"column":4},"end":{"line":46,"column":5}}],"line":42},"4":{"loc":{"start":{"line":51,"column":4},"end":{"line":55,"column":5}},"type":"if","locations":[{"start":{"line":51,"column":4},"end":{"line":55,"column":5}},{"start":{"line":51,"column":4},"end":{"line":55,"column":5}}],"line":51},"5":{"loc":{"start":{"line":66,"column":4},"end":{"line":70,"column":5}},"type":"if","locations":[{"start":{"line":66,"column":4},"end":{"line":70,"column":5}},{"start":{"line":66,"column":4},"end":{"line":70,"column":5}}],"line":66},"6":{"loc":{"start":{"line":75,"column":4},"end":{"line":79,"column":5}},"type":"if","locations":[{"start":{"line":75,"column":4},"end":{"line":79,"column":5}},{"start":{"line":75,"column":4},"end":{"line":79,"column":5}}],"line":75},"7":{"loc":{"start":{"line":90,"column":4},"end":{"line":94,"column":5}},"type":"if","locations":[{"start":{"line":90,"column":4},"end":{"line":94,"column":5}},{"start":{"line":90,"column":4},"end":{"line":94,"column":5}}],"line":90},"8":{"loc":{"start":{"line":122,"column":2},"end":{"line":127,"column":3}},"type":"if","locations":[{"start":{"line":122,"column":2},"end":{"line":127,"column":3}},{"start":{"line":122,"column":2},"end":{"line":127,"column":3}}],"line":122},"9":{"loc":{"start":{"line":144,"column":4},"end":{"line":150,"column":5}},"type":"if","locations":[{"start":{"line":144,"column":4},"end":{"line":150,"column":5}},{"start":{"line":144,"column":4},"end":{"line":150,"column":5}}],"line":144},"10":{"loc":{"start":{"line":146,"column":8},"end":{"line":146,"column":75}},"type":"cond-expr","locations":[{"start":{"line":146,"column":18},"end":{"line":146,"column":30}},{"start":{"line":146,"column":33},"end":{"line":146,"column":75}}],"line":146},"11":{"loc":{"start":{"line":149,"column":6},"end":{"line":149,"column":72}},"type":"cond-expr","locations":[{"start":{"line":149,"column":16},"end":{"line":149,"column":28}},{"start":{"line":149,"column":31},"end":{"line":149,"column":72}}],"line":149},"12":{"loc":{"start":{"line":160,"column":4},"end":{"line":160,"column":69}},"type":"cond-expr","locations":[{"start":{"line":160,"column":14},"end":{"line":160,"column":26}},{"start":{"line":160,"column":29},"end":{"line":160,"column":69}}],"line":160},"13":{"loc":{"start":{"line":173,"column":4},"end":{"line":173,"column":50}},"type":"cond-expr","locations":[{"start":{"line":173,"column":34},"end":{"line":173,"column":42}},{"start":{"line":173,"column":45},"end":{"line":173,"column":50}}],"line":173},"14":{"loc":{"start":{"line":189,"column":4},"end":{"line":193,"column":5}},"type":"if","locations":[{"start":{"line":189,"column":4},"end":{"line":193,"column":5}},{"start":{"line":189,"column":4},"end":{"line":193,"column":5}}],"line":189},"15":{"loc":{"start":{"line":196,"column":4},"end":{"line":196,"column":61}},"type":"cond-expr","locations":[{"start":{"line":196,"column":34},"end":{"line":196,"column":56}},{"start":{"line":196,"column":59},"end":{"line":196,"column":61}}],"line":196},"16":{"loc":{"start":{"line":208,"column":4},"end":{"line":212,"column":5}},"type":"if","locations":[{"start":{"line":208,"column":4},"end":{"line":212,"column":5}},{"start":{"line":208,"column":4},"end":{"line":212,"column":5}}],"line":208},"17":{"loc":{"start":{"line":215,"column":4},"end":{"line":215,"column":61}},"type":"cond-expr","locations":[{"start":{"line":215,"column":34},"end":{"line":215,"column":56}},{"start":{"line":215,"column":59},"end":{"line":215,"column":61}}],"line":215},"18":{"loc":{"start":{"line":224,"column":2},"end":{"line":229,"column":3}},"type":"if","locations":[{"start":{"line":224,"column":2},"end":{"line":229,"column":3}},{"start":{"line":224,"column":2},"end":{"line":229,"column":3}}],"line":224},"19":{"loc":{"start":{"line":227,"column":9},"end":{"line":229,"column":3}},"type":"if","locations":[{"start":{"line":227,"column":9},"end":{"line":229,"column":3}},{"start":{"line":227,"column":9},"end":{"line":229,"column":3}}],"line":227},"20":{"loc":{"start":{"line":241,"column":2},"end":{"line":246,"column":3}},"type":"if","locations":[{"start":{"line":241,"column":2},"end":{"line":246,"column":3}},{"start":{"line":241,"column":2},"end":{"line":246,"column":3}}],"line":241},"21":{"loc":{"start":{"line":256,"column":4},"end":{"line":256,"column":85}},"type":"cond-expr","locations":[{"start":{"line":256,"column":34},"end":{"line":256,"column":42}},{"start":{"line":256,"column":45},"end":{"line":256,"column":85}}],"line":256},"22":{"loc":{"start":{"line":272,"column":4},"end":{"line":274,"column":5}},"type":"if","locations":[{"start":{"line":272,"column":4},"end":{"line":274,"column":5}},{"start":{"line":272,"column":4},"end":{"line":274,"column":5}}],"line":272},"23":{"loc":{"start":{"line":272,"column":8},"end":{"line":272,"column":94}},"type":"binary-expr","locations":[{"start":{"line":272,"column":8},"end":{"line":272,"column":26}},{"start":{"line":272,"column":30},"end":{"line":272,"column":51}},{"start":{"line":272,"column":55},"end":{"line":272,"column":71}},{"start":{"line":272,"column":75},"end":{"line":272,"column":94}}],"line":272},"24":{"loc":{"start":{"line":284,"column":2},"end":{"line":288,"column":3}},"type":"if","locations":[{"start":{"line":284,"column":2},"end":{"line":288,"column":3}},{"start":{"line":284,"column":2},"end":{"line":288,"column":3}}],"line":284},"25":{"loc":{"start":{"line":292,"column":2},"end":{"line":296,"column":3}},"type":"if","locations":[{"start":{"line":292,"column":2},"end":{"line":296,"column":3}},{"start":{"line":292,"column":2},"end":{"line":296,"column":3}}],"line":292},"26":{"loc":{"start":{"line":300,"column":2},"end":{"line":302,"column":3}},"type":"if","locations":[{"start":{"line":300,"column":2},"end":{"line":302,"column":3}},{"start":{"line":300,"column":2},"end":{"line":302,"column":3}}],"line":300},"27":{"loc":{"start":{"line":304,"column":2},"end":{"line":306,"column":3}},"type":"if","locations":[{"start":{"line":304,"column":2},"end":{"line":306,"column":3}},{"start":{"line":304,"column":2},"end":{"line":306,"column":3}}],"line":304},"28":{"loc":{"start":{"line":313,"column":2},"end":{"line":315,"column":3}},"type":"if","locations":[{"start":{"line":313,"column":2},"end":{"line":315,"column":3}},{"start":{"line":313,"column":2},"end":{"line":315,"column":3}}],"line":313},"29":{"loc":{"start":{"line":317,"column":2},"end":{"line":319,"column":3}},"type":"if","locations":[{"start":{"line":317,"column":2},"end":{"line":319,"column":3}},{"start":{"line":317,"column":2},"end":{"line":319,"column":3}}],"line":317},"30":{"loc":{"start":{"line":327,"column":2},"end":{"line":331,"column":3}},"type":"if","locations":[{"start":{"line":327,"column":2},"end":{"line":331,"column":3}},{"start":{"line":327,"column":2},"end":{"line":331,"column":3}}],"line":327}},"s":{"0":1,"1":1,"2":1,"3":1,"4":1,"5":1,"6":1,"7":1,"8":1,"9":0,"10":0,"11":0,"12":0,"13":0,"14":0,"15":0,"16":1,"17":1,"18":0,"19":0,"20":0,"21":1,"22":1,"23":0,"24":0,"25":0,"26":0,"27":0,"28":0,"29":0,"30":0,"31":0,"32":0,"33":0,"34":0,"35":0,"36":1,"37":1,"38":0,"39":0,"40":0,"41":0,"42":0,"43":0,"44":0,"45":0,"46":0,"47":0,"48":0,"49":0,"50":0,"51":1,"52":1,"53":0,"54":0,"55":0,"56":0,"57":0,"58":0,"59":0,"60":0,"61":0,"62":0,"63":0,"64":0,"65":1,"66":1,"67":0,"68":0,"69":0,"70":0,"71":0,"72":0,"73":0,"74":0,"75":1,"76":0,"77":0,"78":0,"79":0,"80":0,"81":0,"82":0,"83":1,"84":0,"85":0,"86":0,"87":0,"88":0,"89":1,"90":0,"91":0,"92":0,"93":0,"94":0,"95":0,"96":0,"97":0,"98":1,"99":0,"100":0,"101":0,"102":0,"103":0,"104":1,"105":0,"106":0,"107":0,"108":0,"109":0,"110":0,"111":1,"112":0,"113":0,"114":0,"115":0,"116":0,"117":1,"118":0,"119":0,"120":0,"121":0,"122":0,"123":0,"124":0,"125":0,"126":0,"127":1,"128":1,"129":0,"130":0,"131":0,"132":0,"133":0,"134":0,"135":0,"136":0,"137":0,"138":1,"139":1,"140":0,"141":0,"142":0,"143":0,"144":0,"145":1,"146":0,"147":0,"148":0,"149":0,"150":1,"151":0,"152":0,"153":0,"154":0,"155":0,"156":0,"157":0,"158":1,"159":0,"160":0,"161":0,"162":0,"163":1,"164":0,"165":0,"166":0,"167":0,"168":0,"169":1,"170":0,"171":0,"172":0,"173":0,"174":0,"175":0,"176":1,"177":0,"178":0,"179":0,"180":1,"181":0,"182":0,"183":0,"184":1,"185":0,"186":0,"187":0,"188":0,"189":1,"190":1,"191":0,"192":0,"193":0,"194":0,"195":1,"196":1,"197":0,"198":0,"199":0,"200":0},"f":{"0":0,"1":0,"2":0,"3":0,"4":0,"5":0,"6":0,"7":0,"8":0,"9":0,"10":0,"11":0,"12":0,"13":0,"14":0,"15":0,"16":0,"17":0,"18":0,"19":0,"20":0,"21":0,"22":0,"23":0,"24":0,"25":0},"b":{"0":[0,0],"1":[0,0],"2":[0,0],"3":[0,0],"4":[0,0],"5":[0,0],"6":[0,0],"7":[0,0],"8":[0,0],"9":[0,0],"10":[0,0],"11":[0,0],"12":[0,0],"13":[0,0],"14":[0,0],"15":[0,0],"16":[0,0],"17":[0,0],"18":[0,0],"19":[0,0],"20":[0,0],"21":[0,0],"22":[0,0],"23":[0,0,0,0],"24":[0,0],"25":[0,0],"26":[0,0],"27":[0,0],"28":[0,0],"29":[0,0],"30":[0,0]},"_coverageSchema":"332fd63041d2c1bcb487cc26dd0d5f7d97098a6c","hash":"e70f45195ac17065f0637911f3a92f60bfa0aaea"}
,"/Users/devonbull/personal/blix/new/store.js": {"path":"/Users/devonbull/personal/blix/new/store.js","statementMap":{"0":{"start":{"line":1,"column":12},"end":{"line":15,"column":1}},"1":{"start":{"line":17,"column":0},"end":{"line":17,"column":22}}},"fnMap":{},"branchMap":{},"s":{"0":1,"1":1},"f":{},"b":{},"_coverageSchema":"332fd63041d2c1bcb487cc26dd0d5f7d97098a6c","hash":"4304407254c0e36117c75a80a89d78633935b4e5"}
}
