TN:
SF:/Users/devonbull/personal/blix/helpers.js
FN:10,(anonymous_0)
FN:29,(anonymous_1)
FN:38,(anonymous_2)
FN:62,(anonymous_3)
FN:86,(anonymous_4)
FN:107,(anonymous_5)
FN:120,(anonymous_6)
FN:132,(anonymous_7)
FN:140,(anonymous_8)
FN:156,(anonymous_9)
FN:166,(anonymous_10)
FN:177,(anonymous_11)
FN:185,(anonymous_12)
FN:204,(anonymous_13)
FN:223,(anonymous_14)
FN:232,(anonymous_15)
FN:239,(anonymous_16)
FN:251,(anonymous_17)
FN:260,(anonymous_18)
FN:270,(anonymous_19)
FN:271,(anonymous_20)
FN:283,(anonymous_21)
FN:291,(anonymous_22)
FN:299,(anonymous_23)
FN:312,(anonymous_24)
FN:326,(anonymous_25)
FNF:26
FNH:0
FNDA:0,(anonymous_0)
FNDA:0,(anonymous_1)
FNDA:0,(anonymous_2)
FNDA:0,(anonymous_3)
FNDA:0,(anonymous_4)
FNDA:0,(anonymous_5)
FNDA:0,(anonymous_6)
FNDA:0,(anonymous_7)
FNDA:0,(anonymous_8)
FNDA:0,(anonymous_9)
FNDA:0,(anonymous_10)
FNDA:0,(anonymous_11)
FNDA:0,(anonymous_12)
FNDA:0,(anonymous_13)
FNDA:0,(anonymous_14)
FNDA:0,(anonymous_15)
FNDA:0,(anonymous_16)
FNDA:0,(anonymous_17)
FNDA:0,(anonymous_18)
FNDA:0,(anonymous_19)
FNDA:0,(anonymous_20)
FNDA:0,(anonymous_21)
FNDA:0,(anonymous_22)
FNDA:0,(anonymous_23)
FNDA:0,(anonymous_24)
FNDA:0,(anonymous_25)
DA:1,1
DA:2,1
DA:3,1
DA:4,1
DA:5,1
DA:6,1
DA:7,1
DA:8,1
DA:10,1
DA:11,0
DA:12,0
DA:13,0
DA:15,0
DA:16,0
DA:17,0
DA:19,0
DA:23,1
DA:29,1
DA:30,0
DA:31,0
DA:32,0
DA:36,1
DA:38,1
DA:39,0
DA:40,0
DA:41,0
DA:42,0
DA:43,0
DA:45,0
DA:47,0
DA:48,0
DA:50,0
DA:51,0
DA:52,0
DA:54,0
DA:56,0
DA:60,1
DA:62,1
DA:63,0
DA:64,0
DA:65,0
DA:66,0
DA:67,0
DA:69,0
DA:71,0
DA:72,0
DA:74,0
DA:75,0
DA:76,0
DA:78,0
DA:80,0
DA:84,1
DA:86,1
DA:87,0
DA:88,0
DA:89,0
DA:90,0
DA:91,0
DA:93,0
DA:95,0
DA:96,0
DA:97,0
DA:99,0
DA:100,0
DA:101,0
DA:105,1
DA:107,1
DA:108,0
DA:109,0
DA:110,0
DA:111,0
DA:112,0
DA:113,0
DA:114,0
DA:116,0
DA:120,1
DA:121,0
DA:122,0
DA:123,0
DA:124,0
DA:126,0
DA:128,0
DA:129,0
DA:132,1
DA:133,0
DA:134,0
DA:135,0
DA:136,0
DA:137,0
DA:140,1
DA:141,0
DA:142,0
DA:144,0
DA:145,0
DA:146,0
DA:148,0
DA:149,0
DA:152,0
DA:156,1
DA:157,0
DA:158,0
DA:159,0
DA:160,0
DA:162,0
DA:166,1
DA:167,0
DA:168,0
DA:169,0
DA:170,0
DA:171,0
DA:173,0
DA:177,1
DA:178,0
DA:179,0
DA:180,0
DA:181,0
DA:182,0
DA:185,1
DA:186,0
DA:187,0
DA:188,0
DA:189,0
DA:190,0
DA:192,0
DA:194,0
DA:196,0
DA:197,0
DA:201,1
DA:204,1
DA:205,0
DA:206,0
DA:207,0
DA:208,0
DA:209,0
DA:211,0
DA:213,0
DA:215,0
DA:216,0
DA:220,1
DA:223,1
DA:224,0
DA:225,0
DA:226,0
DA:227,0
DA:228,0
DA:232,1
DA:233,0
DA:234,0
DA:235,0
DA:236,0
DA:239,1
DA:240,0
DA:241,0
DA:242,0
DA:243,0
DA:245,0
DA:247,0
DA:248,0
DA:251,1
DA:252,0
DA:253,0
DA:254,0
DA:256,0
DA:260,1
DA:261,0
DA:262,0
DA:263,0
DA:264,0
DA:266,0
DA:270,1
DA:271,0
DA:272,0
DA:273,0
DA:275,0
DA:276,0
DA:278,0
DA:283,1
DA:284,0
DA:285,0
DA:287,0
DA:291,1
DA:292,0
DA:293,0
DA:295,0
DA:299,1
DA:300,0
DA:301,0
DA:304,0
DA:305,0
DA:310,1
DA:312,1
DA:313,0
DA:314,0
DA:317,0
DA:318,0
DA:322,1
DA:326,1
DA:327,0
DA:328,0
DA:329,0
DA:330,0
LF:201
LH:42
BRDA:11,0,0,0
BRDA:11,0,1,0
BRDA:30,1,0,0
BRDA:30,1,1,0
BRDA:30,2,0,0
BRDA:30,2,1,0
BRDA:42,3,0,0
BRDA:42,3,1,0
BRDA:51,4,0,0
BRDA:51,4,1,0
BRDA:66,5,0,0
BRDA:66,5,1,0
BRDA:75,6,0,0
BRDA:75,6,1,0
BRDA:90,7,0,0
BRDA:90,7,1,0
BRDA:122,8,0,0
BRDA:122,8,1,0
BRDA:144,9,0,0
BRDA:144,9,1,0
BRDA:146,10,0,0
BRDA:146,10,1,0
BRDA:149,11,0,0
BRDA:149,11,1,0
BRDA:160,12,0,0
BRDA:160,12,1,0
BRDA:173,13,0,0
BRDA:173,13,1,0
BRDA:189,14,0,0
BRDA:189,14,1,0
BRDA:196,15,0,0
BRDA:196,15,1,0
BRDA:208,16,0,0
BRDA:208,16,1,0
BRDA:215,17,0,0
BRDA:215,17,1,0
BRDA:224,18,0,0
BRDA:224,18,1,0
BRDA:227,19,0,0
BRDA:227,19,1,0
BRDA:241,20,0,0
BRDA:241,20,1,0
BRDA:256,21,0,0
BRDA:256,21,1,0
BRDA:272,22,0,0
BRDA:272,22,1,0
BRDA:272,23,0,0
BRDA:272,23,1,0
BRDA:272,23,2,0
BRDA:272,23,3,0
BRDA:284,24,0,0
BRDA:284,24,1,0
BRDA:292,25,0,0
BRDA:292,25,1,0
BRDA:300,26,0,0
BRDA:300,26,1,0
BRDA:304,27,0,0
BRDA:304,27,1,0
BRDA:313,28,0,0
BRDA:313,28,1,0
BRDA:317,29,0,0
BRDA:317,29,1,0
BRDA:327,30,0,0
BRDA:327,30,1,0
BRF:64
BRH:0
end_of_record
TN:
SF:/Users/devonbull/personal/blix/new/store.js
FNF:0
FNH:0
DA:1,1
DA:17,1
LF:2
LH:2
BRF:0
BRH:0
end_of_record
